#
# A fatal error has been detected by the Java Runtime Environment:
#
#  EXCEPTION_ACCESS_VIOLATION (0xc0000005) at pc=0x0000000180005b00, pid=18312, tid=2932
#
# JRE version: OpenJDK Runtime Environment (14.0.2+12) (build 14.0.2+12-46)
# Java VM: OpenJDK 64-Bit Server VM (14.0.2+12-46, mixed mode, tiered, compressed oops, g1 gc, windows-amd64)
# Problematic frame:
# C  [rxtxSerial.dll+0x5b00]
#
# No core dump will be written. Minidumps are not enabled by default on client versions of Windows
#
# If you would like to submit a bug report, please visit:
#   https://bugreport.java.com/bugreport/crash.jsp
# The crash happened outside the Java Virtual Machine in native code.
# See problematic frame for where to report the bug.
#

---------------  S U M M A R Y ------------

Command Line: -Djava.library.path=D:\Jaun\Juann\Java\210203_arduino_serial\src -Dfile.encoding=UTF-8 -XX:+ShowCodeDetailsInExceptionMessages MainSerial

Host: Intel(R) Core(TM) i7-9700 CPU @ 3.00GHz, 8 cores, 7G,  Windows 10 , 64 bit Build 18362 (10.0.18362.1316)
Time: Wed Feb  3 14:24:11 2021 ¢¥eCN©öI¡¾©ö C¡ÍA¨ª¨öA elapsed time: 0 seconds (0d 0h 0m 0s)

---------------  T H R E A D  ---------------

Current thread (0x000002b07fdc0000):  JavaThread "Thread-1" [_thread_in_native, id=2932, stack(0x000000cca4f00000,0x000000cca5000000)]

Stack: [0x000000cca4f00000,0x000000cca5000000],  sp=0x000000cca4ffefb0,  free space=1019k
Native frames: (J=compiled Java code, j=interpreted, Vv=VM code, C=native code)
C  [rxtxSerial.dll+0x5b00]

Java frames: (J=compiled Java code, j=interpreted, Vv=VM code)
j  gnu.io.RXTXPort.readArray([BII)I+0
j  gnu.io.RXTXPort$SerialInputStream.read([BII)I+212
j  gnu.io.RXTXPort$SerialInputStream.read([B)I+60
j  mySerial$SerialReader.run()V+32
j  java.lang.Thread.run()V+11 java.base@14.0.2
v  ~StubRoutines::call_stub

siginfo: EXCEPTION_ACCESS_VIOLATION (0xc0000005), reading address 0xffffffffa4efeb38


Register to memory mapping:

RIP=0x0000000180005b00 rxtxSerial.dll
RAX=0x0000000000000001 is an unknown value
RBX=0x0 is NULL
RCX=0x000000018001d4d5 rxtxSerial.dll
RDX=0xfffffffffffff665 is an unknown value
RSP=0x000000cca4ffefb0 is pointing into the stack for thread: 0x000002b07fdc0000
RBP=
[error occurred during error reporting (printing register info), id 0xc0000005, EXCEPTION_ACCESS_VIOLATION (0xc0000005) at pc=0x00007ffa2b371c94]

Registers:
RAX=0x0000000000000001, RBX=0x0000000000000000, RCX=0x000000018001d4d5, RDX=0xfffffffffffff665
RSP=0x000000cca4ffefb0, RBP=0x00000000ffffffff, RSI=0x0000000000000000, RDI=0x000002b07fdc0310
R8 =0x0000000000000002, R9 =0xfffffffffffff63c, R10=0x00007ffa2bb2a850, R11=0x8101010101010100
R12=0xffffffffa4efeb30, R13=0x0000000000000001, R14=0x000000cca4fff198, R15=0x0000000000000000
RIP=0x0000000180005b00, EFLAGS=0x0000000000010202

Top of Stack: (sp=0x000000cca4ffefb0)
0x000000cca4ffefb0:   0000000000000000 ffffffffa4efeb30
0x000000cca4ffefc0:   0000000000000000 00000000000003d8
0x000000cca4ffefd0:   0000000000000000 000000cca4fff198
0x000000cca4ffefe0:   000002b011417c90 0000000000000001
0x000000cca4ffeff0:   000002b07fdc0310 0000000000000001
0x000000cca4fff000:   ffffffffffffffff 0000000180006211
0x000000cca4fff010:   000002b07fdc05d0 ffffffffffffffff
0x000000cca4fff020:   0000000000000001 000002b07fdc05d0
0x000000cca4fff030:   000002b000000001 00007ffaffffffff
0x000000cca4fff040:   000000cca4fff1a0 000000cca4fff1a0
0x000000cca4fff050:   000002b07fdc0000 000000cca4fff1a0
0x000000cca4fff060:   000000cca4fff168 00007ffa2b409ca7
0x000000cca4fff070:   000000cca4fff090 000002b07fdc0000
0x000000cca4fff080:   000000000014ab34 0000f59ce271046f
0x000000cca4fff090:   000002b011417c98 000002b011417c90
0x000000cca4fff0a0:   000002b07fdc0000 000000cca4fff1a0 

Instructions: (pc=0x0000000180005b00)
0x0000000180005a00:   5d c3 cc cc cc cc cc cc cc cc cc cc cc cc cc cc
0x0000000180005a10:   48 89 5c 24 08 4c 89 4c 24 20 44 89 44 24 18 55
0x0000000180005a20:   56 57 41 54 41 55 41 56 41 57 48 83 ec 20 48 8b
0x0000000180005a30:   2a 48 8b 01 33 db 48 8b d5 48 8b f9 44 8b fb 8b
0x0000000180005a40:   f3 ff 90 f8 00 00 00 4c 8d 0d 9e 70 01 00 4c 8b
0x0000000180005a50:   e0 48 8b 07 4c 8d 05 b5 70 01 00 49 8b d4 48 8b
0x0000000180005a60:   cf ff 90 f0 02 00 00 48 8b cf 4c 8b c0 48 85 c0
0x0000000180005a70:   48 8b 07 75 28 ff 90 80 00 00 00 4c 8b 1f 48 8b
0x0000000180005a80:   cf 41 ff 93 88 00 00 00 4c 8b 1f 49 8b d4 48 8b
0x0000000180005a90:   cf 41 ff 93 b8 00 00 00 4c 8b e3 eb 54 48 8b d5
0x0000000180005aa0:   ff 90 20 03 00 00 49 8b d4 48 8b cf 48 63 e8 48
0x0000000180005ab0:   8b 07 ff 90 b8 00 00 00 48 8d 15 51 70 01 00 48
0x0000000180005ac0:   8d 0d 0e 7a 01 00 41 b8 02 00 00 00 e8 6f 62 00
0x0000000180005ad0:   00 85 c0 75 19 85 ed 75 15 e8 c2 5e 00 00 48 8d
0x0000000180005ae0:   15 23 7a 01 00 48 8d 48 60 e8 3a 5d 00 00 4c 8b
0x0000000180005af0:   e5 8b ac 24 88 00 00 00 44 8b ac 24 80 00 00 00
0x0000000180005b00:   45 8b 74 24 08 41 89 5c 24 08 41 8b fd 85 ed 78
0x0000000180005b10:   09 ff 15 e9 14 01 00 44 8b f8 45 85 ed 7e 4a 90
0x0000000180005b20:   8b c6 ff c6 83 f8 14 7d 40 85 ed 78 0d ff 15 cd
0x0000000180005b30:   14 01 00 41 2b c7 3b c5 7d 2f 8b 4c 24 70 48 63
0x0000000180005b40:   d3 44 8b c7 48 03 54 24 78 e8 a2 31 00 00 85 c0
0x0000000180005b50:   78 33 74 06 03 d8 2b f8 eb 0a b9 e8 03 00 00 e8
0x0000000180005b60:   1c 1c 00 00 41 3b dd 7c b7 8b c3 45 89 74 24 08
0x0000000180005b70:   48 8b 5c 24 60 48 83 c4 20 41 5f 41 5e 41 5d 41
0x0000000180005b80:   5c 5f 5e 5d c3 e8 1e 61 00 00 83 38 04 74 05 e8
0x0000000180005b90:   14 61 00 00 83 c8 ff eb d2 cc cc cc cc cc cc cc
0x0000000180005ba0:   40 53 55 56 57 41 54 41 55 48 81 ec b8 00 00 00
0x0000000180005bb0:   48 8b 05 71 85 01 00 48 33 c4 48 89 84 24 a0 00
0x0000000180005bc0:   00 00 48 8b 01 45 8b e9 41 8b f8 48 8b f2 48 8b
0x0000000180005bd0:   d9 ff 90 f8 00 00 00 4c 8b 13 4c 8d 0d 33 6f 01
0x0000000180005be0:   00 4c 8d 05 7c 6f 01 00 48 8b d0 48 8b cb 4c 8b
0x0000000180005bf0:   e0 41 ff 92 f0 02 00 00 33 ed 48 8b cb 4c 8b c0 


Stack slot to memory mapping:
stack at sp + 0 slots: 0x0 is NULL
stack at sp + 1 slots: 0xffffffffa4efeb30 is an unknown value
stack at sp + 2 slots: 0x0 is NULL
stack at sp + 3 slots: 0x00000000000003d8 is an unknown value
stack at sp + 4 slots: 0x0 is NULL
stack at sp + 5 slots: 0x000000cca4fff198 is pointing into the stack for thread: 0x000002b07fdc0000
stack at sp + 6 slots: 0x000002b011417c90 is pointing into metadata
stack at sp + 7 slots: 0x0000000000000001 is an unknown value


---------------  P R O C E S S  ---------------

Threads class SMR info:
_java_thread_list=0x000002b07fd2e830, length=14, elements={
0x000002b07fb64800, 0x000002b07fb67800, 0x000002b07fb84800, 0x000002b07fb85800,
0x000002b07fbb5800, 0x000002b07fbbe000, 0x000002b07fbc6800, 0x000002b07fbdb800,
0x000002b07fd48800, 0x000002b07fd4a000, 0x000002b07fdbf000, 0x000002b07fdc0000,
0x000002b07fdc4800, 0x000002b0765ab000
}

Java Threads: ( => current thread )
  0x000002b07fb64800 JavaThread "Reference Handler" daemon [_thread_blocked, id=10656, stack(0x000000cca4300000,0x000000cca4400000)]
  0x000002b07fb67800 JavaThread "Finalizer" daemon [_thread_blocked, id=19204, stack(0x000000cca4400000,0x000000cca4500000)]
  0x000002b07fb84800 JavaThread "Signal Dispatcher" daemon [_thread_blocked, id=16264, stack(0x000000cca4500000,0x000000cca4600000)]
  0x000002b07fb85800 JavaThread "Attach Listener" daemon [_thread_blocked, id=4012, stack(0x000000cca4600000,0x000000cca4700000)]
  0x000002b07fbb5800 JavaThread "Service Thread" daemon [_thread_blocked, id=19836, stack(0x000000cca4700000,0x000000cca4800000)]
  0x000002b07fbbe000 JavaThread "C2 CompilerThread0" daemon [_thread_blocked, id=14268, stack(0x000000cca4800000,0x000000cca4900000)]
  0x000002b07fbc6800 JavaThread "C1 CompilerThread0" daemon [_thread_blocked, id=13376, stack(0x000000cca4900000,0x000000cca4a00000)]
  0x000002b07fbdb800 JavaThread "Sweeper thread" daemon [_thread_blocked, id=1708, stack(0x000000cca4a00000,0x000000cca4b00000)]
  0x000002b07fd48800 JavaThread "Notification Thread" daemon [_thread_blocked, id=13776, stack(0x000000cca4b00000,0x000000cca4c00000)]
  0x000002b07fd4a000 JavaThread "Common-Cleaner" daemon [_thread_blocked, id=300, stack(0x000000cca4d00000,0x000000cca4e00000)]
  0x000002b07fdbf000 JavaThread "Thread-0" [_thread_in_native, id=13372, stack(0x000000cca4e00000,0x000000cca4f00000)]
=>0x000002b07fdc0000 JavaThread "Thread-1" [_thread_in_native, id=2932, stack(0x000000cca4f00000,0x000000cca5000000)]
  0x000002b07fdc4800 JavaThread "Thread-2" [_thread_in_native, id=1032, stack(0x000000cca5000000,0x000000cca5100000)]
  0x000002b0765ab000 JavaThread "DestroyJavaVM" [_thread_blocked, id=7084, stack(0x000000cca3c00000,0x000000cca3d00000)]

Other Threads:
  0x000002b07fb4d800 VMThread "VM Thread" [stack: 0x000000cca4200000,0x000000cca4300000] [id=7936]
  0x000002b07fd49800 WatcherThread [stack: 0x000000cca4c00000,0x000000cca4d00000] [id=19376]
  0x000002b0765ef800 GCTaskThread "GC Thread#0" [stack: 0x000000cca3d00000,0x000000cca3e00000] [id=1808]
  0x000002b076601000 ConcurrentGCThread "G1 Main Marker" [stack: 0x000000cca3e00000,0x000000cca3f00000] [id=16764]
  0x000002b076604800 ConcurrentGCThread "G1 Conc#0" [stack: 0x000000cca3f00000,0x000000cca4000000] [id=100]
  0x000002b07667e800 ConcurrentGCThread "G1 Refine#0" [stack: 0x000000cca4000000,0x000000cca4100000] [id=15436]
  0x000002b07f97a000 ConcurrentGCThread "G1 Young RemSet Sampling" [stack: 0x000000cca4100000,0x000000cca4200000] [id=8612]

Threads with active compile tasks:

VM state:not at safepoint (normal execution)

VM Mutex/Monitor currently owned by a thread: None

Heap address: 0x0000000081e00000, size: 2018 MB, Compressed Oops mode: 32-bit
Narrow klass base: 0x0000000000000000, Narrow klass shift: 3
Compressed class space size: 1073741824 Address: 0x0000000100000000

Heap:
 garbage-first heap   total 131072K, used 2048K [0x0000000081e00000, 0x0000000100000000)
  region size 1024K, 3 young (3072K), 0 survivors (0K)
 Metaspace       used 4617K, capacity 4704K, committed 4864K, reserved 1056768K
  class space    used 417K, capacity 464K, committed 512K, reserved 1048576K
Heap Regions: E=young(eden), S=young(survivor), O=old, HS=humongous(starts), HC=humongous(continues), CS=collection set, F=free, OA=open archive, CA=closed archive, TAMS=top-at-mark-start (previous, next)
|   0|0x0000000081e00000, 0x0000000081e00000, 0x0000000081f00000|  0%| F|  |TAMS 0x0000000081e00000, 0x0000000081e00000| Untracked 
|   1|0x0000000081f00000, 0x0000000081f00000, 0x0000000082000000|  0%| F|  |TAMS 0x0000000081f00000, 0x0000000081f00000| Untracked 
|   2|0x0000000082000000, 0x0000000082000000, 0x0000000082100000|  0%| F|  |TAMS 0x0000000082000000, 0x0000000082000000| Untracked 
|   3|0x0000000082100000, 0x0000000082100000, 0x0000000082200000|  0%| F|  |TAMS 0x0000000082100000, 0x0000000082100000| Untracked 
|   4|0x0000000082200000, 0x0000000082200000, 0x0000000082300000|  0%| F|  |TAMS 0x0000000082200000, 0x0000000082200000| Untracked 
|   5|0x0000000082300000, 0x0000000082300000, 0x0000000082400000|  0%| F|  |TAMS 0x0000000082300000, 0x0000000082300000| Untracked 
|   6|0x0000000082400000, 0x0000000082400000, 0x0000000082500000|  0%| F|  |TAMS 0x0000000082400000, 0x0000000082400000| Untracked 
|   7|0x0000000082500000, 0x0000000082500000, 0x0000000082600000|  0%| F|  |TAMS 0x0000000082500000, 0x0000000082500000| Untracked 
|   8|0x0000000082600000, 0x0000000082600000, 0x0000000082700000|  0%| F|  |TAMS 0x0000000082600000, 0x0000000082600000| Untracked 
|   9|0x0000000082700000, 0x0000000082700000, 0x0000000082800000|  0%| F|  |TAMS 0x0000000082700000, 0x0000000082700000| Untracked 
|  10|0x0000000082800000, 0x0000000082800000, 0x0000000082900000|  0%| F|  |TAMS 0x0000000082800000, 0x0000000082800000| Untracked 
|  11|0x0000000082900000, 0x0000000082900000, 0x0000000082a00000|  0%| F|  |TAMS 0x0000000082900000, 0x0000000082900000| Untracked 
|  12|0x0000000082a00000, 0x0000000082a00000, 0x0000000082b00000|  0%| F|  |TAMS 0x0000000082a00000, 0x0000000082a00000| Untracked 
|  13|0x0000000082b00000, 0x0000000082b00000, 0x0000000082c00000|  0%| F|  |TAMS 0x0000000082b00000, 0x0000000082b00000| Untracked 
|  14|0x0000000082c00000, 0x0000000082c00000, 0x0000000082d00000|  0%| F|  |TAMS 0x0000000082c00000, 0x0000000082c00000| Untracked 
|  15|0x0000000082d00000, 0x0000000082d00000, 0x0000000082e00000|  0%| F|  |TAMS 0x0000000082d00000, 0x0000000082d00000| Untracked 
|  16|0x0000000082e00000, 0x0000000082e00000, 0x0000000082f00000|  0%| F|  |TAMS 0x0000000082e00000, 0x0000000082e00000| Untracked 
|  17|0x0000000082f00000, 0x0000000082f00000, 0x0000000083000000|  0%| F|  |TAMS 0x0000000082f00000, 0x0000000082f00000| Untracked 
|  18|0x0000000083000000, 0x0000000083000000, 0x0000000083100000|  0%| F|  |TAMS 0x0000000083000000, 0x0000000083000000| Untracked 
|  19|0x0000000083100000, 0x0000000083100000, 0x0000000083200000|  0%| F|  |TAMS 0x0000000083100000, 0x0000000083100000| Untracked 
|  20|0x0000000083200000, 0x0000000083200000, 0x0000000083300000|  0%| F|  |TAMS 0x0000000083200000, 0x0000000083200000| Untracked 
|  21|0x0000000083300000, 0x0000000083300000, 0x0000000083400000|  0%| F|  |TAMS 0x0000000083300000, 0x0000000083300000| Untracked 
|  22|0x0000000083400000, 0x0000000083400000, 0x0000000083500000|  0%| F|  |TAMS 0x0000000083400000, 0x0000000083400000| Untracked 
|  23|0x0000000083500000, 0x0000000083500000, 0x0000000083600000|  0%| F|  |TAMS 0x0000000083500000, 0x0000000083500000| Untracked 
|  24|0x0000000083600000, 0x0000000083600000, 0x0000000083700000|  0%| F|  |TAMS 0x0000000083600000, 0x0000000083600000| Untracked 
|  25|0x0000000083700000, 0x0000000083700000, 0x0000000083800000|  0%| F|  |TAMS 0x0000000083700000, 0x0000000083700000| Untracked 
|  26|0x0000000083800000, 0x0000000083800000, 0x0000000083900000|  0%| F|  |TAMS 0x0000000083800000, 0x0000000083800000| Untracked 
|  27|0x0000000083900000, 0x0000000083900000, 0x0000000083a00000|  0%| F|  |TAMS 0x0000000083900000, 0x0000000083900000| Untracked 
|  28|0x0000000083a00000, 0x0000000083a00000, 0x0000000083b00000|  0%| F|  |TAMS 0x0000000083a00000, 0x0000000083a00000| Untracked 
|  29|0x0000000083b00000, 0x0000000083b00000, 0x0000000083c00000|  0%| F|  |TAMS 0x0000000083b00000, 0x0000000083b00000| Untracked 
|  30|0x0000000083c00000, 0x0000000083c00000, 0x0000000083d00000|  0%| F|  |TAMS 0x0000000083c00000, 0x0000000083c00000| Untracked 
|  31|0x0000000083d00000, 0x0000000083d00000, 0x0000000083e00000|  0%| F|  |TAMS 0x0000000083d00000, 0x0000000083d00000| Untracked 
|  32|0x0000000083e00000, 0x0000000083e00000, 0x0000000083f00000|  0%| F|  |TAMS 0x0000000083e00000, 0x0000000083e00000| Untracked 
|  33|0x0000000083f00000, 0x0000000083f00000, 0x0000000084000000|  0%| F|  |TAMS 0x0000000083f00000, 0x0000000083f00000| Untracked 
|  34|0x0000000084000000, 0x0000000084000000, 0x0000000084100000|  0%| F|  |TAMS 0x0000000084000000, 0x0000000084000000| Untracked 
|  35|0x0000000084100000, 0x0000000084100000, 0x0000000084200000|  0%| F|  |TAMS 0x0000000084100000, 0x0000000084100000| Untracked 
|  36|0x0000000084200000, 0x0000000084200000, 0x0000000084300000|  0%| F|  |TAMS 0x0000000084200000, 0x0000000084200000| Untracked 
|  37|0x0000000084300000, 0x0000000084300000, 0x0000000084400000|  0%| F|  |TAMS 0x0000000084300000, 0x0000000084300000| Untracked 
|  38|0x0000000084400000, 0x0000000084400000, 0x0000000084500000|  0%| F|  |TAMS 0x0000000084400000, 0x0000000084400000| Untracked 
|  39|0x0000000084500000, 0x0000000084500000, 0x0000000084600000|  0%| F|  |TAMS 0x0000000084500000, 0x0000000084500000| Untracked 
|  40|0x0000000084600000, 0x0000000084600000, 0x0000000084700000|  0%| F|  |TAMS 0x0000000084600000, 0x0000000084600000| Untracked 
|  41|0x0000000084700000, 0x0000000084700000, 0x0000000084800000|  0%| F|  |TAMS 0x0000000084700000, 0x0000000084700000| Untracked 
|  42|0x0000000084800000, 0x0000000084800000, 0x0000000084900000|  0%| F|  |TAMS 0x0000000084800000, 0x0000000084800000| Untracked 
|  43|0x0000000084900000, 0x0000000084900000, 0x0000000084a00000|  0%| F|  |TAMS 0x0000000084900000, 0x0000000084900000| Untracked 
|  44|0x0000000084a00000, 0x0000000084a00000, 0x0000000084b00000|  0%| F|  |TAMS 0x0000000084a00000, 0x0000000084a00000| Untracked 
|  45|0x0000000084b00000, 0x0000000084b00000, 0x0000000084c00000|  0%| F|  |TAMS 0x0000000084b00000, 0x0000000084b00000| Untracked 
|  46|0x0000000084c00000, 0x0000000084c00000, 0x0000000084d00000|  0%| F|  |TAMS 0x0000000084c00000, 0x0000000084c00000| Untracked 
|  47|0x0000000084d00000, 0x0000000084d00000, 0x0000000084e00000|  0%| F|  |TAMS 0x0000000084d00000, 0x0000000084d00000| Untracked 
|  48|0x0000000084e00000, 0x0000000084e00000, 0x0000000084f00000|  0%| F|  |TAMS 0x0000000084e00000, 0x0000000084e00000| Untracked 
|  49|0x0000000084f00000, 0x0000000084f00000, 0x0000000085000000|  0%| F|  |TAMS 0x0000000084f00000, 0x0000000084f00000| Untracked 
|  50|0x0000000085000000, 0x0000000085000000, 0x0000000085100000|  0%| F|  |TAMS 0x0000000085000000, 0x0000000085000000| Untracked 
|  51|0x0000000085100000, 0x0000000085100000, 0x0000000085200000|  0%| F|  |TAMS 0x0000000085100000, 0x0000000085100000| Untracked 
|  52|0x0000000085200000, 0x0000000085200000, 0x0000000085300000|  0%| F|  |TAMS 0x0000000085200000, 0x0000000085200000| Untracked 
|  53|0x0000000085300000, 0x0000000085300000, 0x0000000085400000|  0%| F|  |TAMS 0x0000000085300000, 0x0000000085300000| Untracked 
|  54|0x0000000085400000, 0x0000000085400000, 0x0000000085500000|  0%| F|  |TAMS 0x0000000085400000, 0x0000000085400000| Untracked 
|  55|0x0000000085500000, 0x0000000085500000, 0x0000000085600000|  0%| F|  |TAMS 0x0000000085500000, 0x0000000085500000| Untracked 
|  56|0x0000000085600000, 0x0000000085600000, 0x0000000085700000|  0%| F|  |TAMS 0x0000000085600000, 0x0000000085600000| Untracked 
|  57|0x0000000085700000, 0x0000000085700000, 0x0000000085800000|  0%| F|  |TAMS 0x0000000085700000, 0x0000000085700000| Untracked 
|  58|0x0000000085800000, 0x0000000085800000, 0x0000000085900000|  0%| F|  |TAMS 0x0000000085800000, 0x0000000085800000| Untracked 
|  59|0x0000000085900000, 0x0000000085900000, 0x0000000085a00000|  0%| F|  |TAMS 0x0000000085900000, 0x0000000085900000| Untracked 
|  60|0x0000000085a00000, 0x0000000085a00000, 0x0000000085b00000|  0%| F|  |TAMS 0x0000000085a00000, 0x0000000085a00000| Untracked 
|  61|0x0000000085b00000, 0x0000000085b00000, 0x0000000085c00000|  0%| F|  |TAMS 0x0000000085b00000, 0x0000000085b00000| Untracked 
|  62|0x0000000085c00000, 0x0000000085c00000, 0x0000000085d00000|  0%| F|  |TAMS 0x0000000085c00000, 0x0000000085c00000| Untracked 
|  63|0x0000000085d00000, 0x0000000085d00000, 0x0000000085e00000|  0%| F|  |TAMS 0x0000000085d00000, 0x0000000085d00000| Untracked 
|  64|0x0000000085e00000, 0x0000000085e00000, 0x0000000085f00000|  0%| F|  |TAMS 0x0000000085e00000, 0x0000000085e00000| Untracked 
|  65|0x0000000085f00000, 0x0000000085f00000, 0x0000000086000000|  0%| F|  |TAMS 0x0000000085f00000, 0x0000000085f00000| Untracked 
|  66|0x0000000086000000, 0x0000000086000000, 0x0000000086100000|  0%| F|  |TAMS 0x0000000086000000, 0x0000000086000000| Untracked 
|  67|0x0000000086100000, 0x0000000086100000, 0x0000000086200000|  0%| F|  |TAMS 0x0000000086100000, 0x0000000086100000| Untracked 
|  68|0x0000000086200000, 0x0000000086200000, 0x0000000086300000|  0%| F|  |TAMS 0x0000000086200000, 0x0000000086200000| Untracked 
|  69|0x0000000086300000, 0x0000000086300000, 0x0000000086400000|  0%| F|  |TAMS 0x0000000086300000, 0x0000000086300000| Untracked 
|  70|0x0000000086400000, 0x0000000086400000, 0x0000000086500000|  0%| F|  |TAMS 0x0000000086400000, 0x0000000086400000| Untracked 
|  71|0x0000000086500000, 0x0000000086500000, 0x0000000086600000|  0%| F|  |TAMS 0x0000000086500000, 0x0000000086500000| Untracked 
|  72|0x0000000086600000, 0x0000000086600000, 0x0000000086700000|  0%| F|  |TAMS 0x0000000086600000, 0x0000000086600000| Untracked 
|  73|0x0000000086700000, 0x0000000086700000, 0x0000000086800000|  0%| F|  |TAMS 0x0000000086700000, 0x0000000086700000| Untracked 
|  74|0x0000000086800000, 0x0000000086800000, 0x0000000086900000|  0%| F|  |TAMS 0x0000000086800000, 0x0000000086800000| Untracked 
|  75|0x0000000086900000, 0x0000000086900000, 0x0000000086a00000|  0%| F|  |TAMS 0x0000000086900000, 0x0000000086900000| Untracked 
|  76|0x0000000086a00000, 0x0000000086a00000, 0x0000000086b00000|  0%| F|  |TAMS 0x0000000086a00000, 0x0000000086a00000| Untracked 
|  77|0x0000000086b00000, 0x0000000086b00000, 0x0000000086c00000|  0%| F|  |TAMS 0x0000000086b00000, 0x0000000086b00000| Untracked 
|  78|0x0000000086c00000, 0x0000000086c00000, 0x0000000086d00000|  0%| F|  |TAMS 0x0000000086c00000, 0x0000000086c00000| Untracked 
|  79|0x0000000086d00000, 0x0000000086d00000, 0x0000000086e00000|  0%| F|  |TAMS 0x0000000086d00000, 0x0000000086d00000| Untracked 
|  80|0x0000000086e00000, 0x0000000086e00000, 0x0000000086f00000|  0%| F|  |TAMS 0x0000000086e00000, 0x0000000086e00000| Untracked 
|  81|0x0000000086f00000, 0x0000000086f00000, 0x0000000087000000|  0%| F|  |TAMS 0x0000000086f00000, 0x0000000086f00000| Untracked 
|  82|0x0000000087000000, 0x0000000087000000, 0x0000000087100000|  0%| F|  |TAMS 0x0000000087000000, 0x0000000087000000| Untracked 
|  83|0x0000000087100000, 0x0000000087100000, 0x0000000087200000|  0%| F|  |TAMS 0x0000000087100000, 0x0000000087100000| Untracked 
|  84|0x0000000087200000, 0x0000000087200000, 0x0000000087300000|  0%| F|  |TAMS 0x0000000087200000, 0x0000000087200000| Untracked 
|  85|0x0000000087300000, 0x0000000087300000, 0x0000000087400000|  0%| F|  |TAMS 0x0000000087300000, 0x0000000087300000| Untracked 
|  86|0x0000000087400000, 0x0000000087400000, 0x0000000087500000|  0%| F|  |TAMS 0x0000000087400000, 0x0000000087400000| Untracked 
|  87|0x0000000087500000, 0x0000000087500000, 0x0000000087600000|  0%| F|  |TAMS 0x0000000087500000, 0x0000000087500000| Untracked 
|  88|0x0000000087600000, 0x0000000087600000, 0x0000000087700000|  0%| F|  |TAMS 0x0000000087600000, 0x0000000087600000| Untracked 
|  89|0x0000000087700000, 0x0000000087700000, 0x0000000087800000|  0%| F|  |TAMS 0x0000000087700000, 0x0000000087700000| Untracked 
|  90|0x0000000087800000, 0x0000000087800000, 0x0000000087900000|  0%| F|  |TAMS 0x0000000087800000, 0x0000000087800000| Untracked 
|  91|0x0000000087900000, 0x0000000087900000, 0x0000000087a00000|  0%| F|  |TAMS 0x0000000087900000, 0x0000000087900000| Untracked 
|  92|0x0000000087a00000, 0x0000000087a00000, 0x0000000087b00000|  0%| F|  |TAMS 0x0000000087a00000, 0x0000000087a00000| Untracked 
|  93|0x0000000087b00000, 0x0000000087b00000, 0x0000000087c00000|  0%| F|  |TAMS 0x0000000087b00000, 0x0000000087b00000| Untracked 
|  94|0x0000000087c00000, 0x0000000087c00000, 0x0000000087d00000|  0%| F|  |TAMS 0x0000000087c00000, 0x0000000087c00000| Untracked 
|  95|0x0000000087d00000, 0x0000000087d00000, 0x0000000087e00000|  0%| F|  |TAMS 0x0000000087d00000, 0x0000000087d00000| Untracked 
|  96|0x0000000087e00000, 0x0000000087e00000, 0x0000000087f00000|  0%| F|  |TAMS 0x0000000087e00000, 0x0000000087e00000| Untracked 
|  97|0x0000000087f00000, 0x0000000087f00000, 0x0000000088000000|  0%| F|  |TAMS 0x0000000087f00000, 0x0000000087f00000| Untracked 
|  98|0x0000000088000000, 0x0000000088000000, 0x0000000088100000|  0%| F|  |TAMS 0x0000000088000000, 0x0000000088000000| Untracked 
|  99|0x0000000088100000, 0x0000000088100000, 0x0000000088200000|  0%| F|  |TAMS 0x0000000088100000, 0x0000000088100000| Untracked 
| 100|0x0000000088200000, 0x0000000088200000, 0x0000000088300000|  0%| F|  |TAMS 0x0000000088200000, 0x0000000088200000| Untracked 
| 101|0x0000000088300000, 0x0000000088300000, 0x0000000088400000|  0%| F|  |TAMS 0x0000000088300000, 0x0000000088300000| Untracked 
| 102|0x0000000088400000, 0x0000000088400000, 0x0000000088500000|  0%| F|  |TAMS 0x0000000088400000, 0x0000000088400000| Untracked 
| 103|0x0000000088500000, 0x0000000088500000, 0x0000000088600000|  0%| F|  |TAMS 0x0000000088500000, 0x0000000088500000| Untracked 
| 104|0x0000000088600000, 0x0000000088600000, 0x0000000088700000|  0%| F|  |TAMS 0x0000000088600000, 0x0000000088600000| Untracked 
| 105|0x0000000088700000, 0x0000000088700000, 0x0000000088800000|  0%| F|  |TAMS 0x0000000088700000, 0x0000000088700000| Untracked 
| 106|0x0000000088800000, 0x0000000088800000, 0x0000000088900000|  0%| F|  |TAMS 0x0000000088800000, 0x0000000088800000| Untracked 
| 107|0x0000000088900000, 0x0000000088900000, 0x0000000088a00000|  0%| F|  |TAMS 0x0000000088900000, 0x0000000088900000| Untracked 
| 108|0x0000000088a00000, 0x0000000088a00000, 0x0000000088b00000|  0%| F|  |TAMS 0x0000000088a00000, 0x0000000088a00000| Untracked 
| 109|0x0000000088b00000, 0x0000000088b00000, 0x0000000088c00000|  0%| F|  |TAMS 0x0000000088b00000, 0x0000000088b00000| Untracked 
| 110|0x0000000088c00000, 0x0000000088c00000, 0x0000000088d00000|  0%| F|  |TAMS 0x0000000088c00000, 0x0000000088c00000| Untracked 
| 111|0x0000000088d00000, 0x0000000088d00000, 0x0000000088e00000|  0%| F|  |TAMS 0x0000000088d00000, 0x0000000088d00000| Untracked 
| 112|0x0000000088e00000, 0x0000000088e00000, 0x0000000088f00000|  0%| F|  |TAMS 0x0000000088e00000, 0x0000000088e00000| Untracked 
| 113|0x0000000088f00000, 0x0000000088f00000, 0x0000000089000000|  0%| F|  |TAMS 0x0000000088f00000, 0x0000000088f00000| Untracked 
| 114|0x0000000089000000, 0x0000000089000000, 0x0000000089100000|  0%| F|  |TAMS 0x0000000089000000, 0x0000000089000000| Untracked 
| 115|0x0000000089100000, 0x0000000089100000, 0x0000000089200000|  0%| F|  |TAMS 0x0000000089100000, 0x0000000089100000| Untracked 
| 116|0x0000000089200000, 0x0000000089200000, 0x0000000089300000|  0%| F|  |TAMS 0x0000000089200000, 0x0000000089200000| Untracked 
| 117|0x0000000089300000, 0x0000000089300000, 0x0000000089400000|  0%| F|  |TAMS 0x0000000089300000, 0x0000000089300000| Untracked 
| 118|0x0000000089400000, 0x0000000089400000, 0x0000000089500000|  0%| F|  |TAMS 0x0000000089400000, 0x0000000089400000| Untracked 
| 119|0x0000000089500000, 0x0000000089500000, 0x0000000089600000|  0%| F|  |TAMS 0x0000000089500000, 0x0000000089500000| Untracked 
| 120|0x0000000089600000, 0x0000000089600000, 0x0000000089700000|  0%| F|  |TAMS 0x0000000089600000, 0x0000000089600000| Untracked 
| 121|0x0000000089700000, 0x0000000089700000, 0x0000000089800000|  0%| F|  |TAMS 0x0000000089700000, 0x0000000089700000| Untracked 
| 122|0x0000000089800000, 0x0000000089800000, 0x0000000089900000|  0%| F|  |TAMS 0x0000000089800000, 0x0000000089800000| Untracked 
| 123|0x0000000089900000, 0x0000000089900000, 0x0000000089a00000|  0%| F|  |TAMS 0x0000000089900000, 0x0000000089900000| Untracked 
| 124|0x0000000089a00000, 0x0000000089a00000, 0x0000000089b00000|  0%| F|  |TAMS 0x0000000089a00000, 0x0000000089a00000| Untracked 
| 125|0x0000000089b00000, 0x0000000089b00800, 0x0000000089c00000|  0%| E|  |TAMS 0x0000000089b00000, 0x0000000089b00000| Complete 
| 126|0x0000000089c00000, 0x0000000089d00000, 0x0000000089d00000|100%| E|CS|TAMS 0x0000000089c00000, 0x0000000089c00000| Complete 
| 127|0x0000000089d00000, 0x0000000089e00000, 0x0000000089e00000|100%| E|CS|TAMS 0x0000000089d00000, 0x0000000089d00000| Complete 

Card table byte_map: [0x000002b07a9a0000,0x000002b07ada0000] _byte_map_base: 0x000002b07a591000

Marking Bits (Prev, Next): (CMBitMap*) 0x000002b0765f01c8, (CMBitMap*) 0x000002b0765f0208
 Prev Bits: [0x000002b07b1a0000, 0x000002b07d128000)
 Next Bits: [0x000002b07d130000, 0x000002b07f0b8000)

Polling page: 0x000002b0745c0000

Metaspace:

Usage:
  Non-class:      4.14 MB capacity,     4.10 MB (>99%) used,    38.96 KB ( <1%) free+waste,   448 bytes ( <1%) overhead. 
      Class:    464.00 KB capacity,   417.05 KB ( 90%) used,    46.26 KB ( 10%) free+waste,   704 bytes ( <1%) overhead. 
       Both:      4.59 MB capacity,     4.51 MB ( 98%) used,    85.22 KB (  2%) free+waste,     1.13 KB ( <1%) overhead. 

Virtual space:
  Non-class space:        8.00 MB reserved,       4.25 MB ( 53%) committed 
      Class space:        1.00 GB reserved,     512.00 KB ( <1%) committed 
             Both:        1.01 GB reserved,       4.75 MB ( <1%) committed 

Chunk freelists:
   Non-Class:  48.00 KB
       Class:  16.00 KB
        Both:  64.00 KB

MaxMetaspaceSize: 17179869184.00 GB
CompressedClassSpaceSize: 1.00 GB

CodeHeap 'non-profiled nmethods': size=120000Kb used=25Kb max_used=25Kb free=119974Kb
 bounds [0x000002b007ad0000, 0x000002b007d40000, 0x000002b00f000000]
CodeHeap 'profiled nmethods': size=120000Kb used=184Kb max_used=184Kb free=119815Kb
 bounds [0x000002b0005a0000, 0x000002b000810000, 0x000002b007ad0000]
CodeHeap 'non-nmethods': size=5760Kb used=1061Kb max_used=1075Kb free=4698Kb
 bounds [0x000002b000000000, 0x000002b000270000, 0x000002b0005a0000]
 total_blobs=412 nmethods=128 adapters=197
 compilation: enabled
              stopped_count=0, restarted_count=0
 full_count=0

Compilation events (20 events):
Event: 0.087 Thread 0x000002b07fbc6800 nmethod 117 0x000002b0005ca090 code [0x000002b0005ca2a0, 0x000002b0005cab58]
Event: 0.087 Thread 0x000002b07fbc6800  118       3       java.lang.String::toUpperCase (29 bytes)
Event: 0.087 Thread 0x000002b07fbc6800 nmethod 118 0x000002b0005cad90 code [0x000002b0005caf60, 0x000002b0005cb1f8]
Event: 0.087 Thread 0x000002b07fbc6800  120       3       java.util.HashMap::get (23 bytes)
Event: 0.087 Thread 0x000002b07fbc6800 nmethod 120 0x000002b0005cb310 code [0x000002b0005cb4e0, 0x000002b0005cb818]
Event: 0.087 Thread 0x000002b07fbc6800  119       3       java.lang.String::toUpperCase (8 bytes)
Event: 0.087 Thread 0x000002b07fbc6800 nmethod 119 0x000002b0005cb990 code [0x000002b0005cbb60, 0x000002b0005cbed8]
Event: 0.088 Thread 0x000002b07fbc6800  121       3       java.lang.String::startsWith (138 bytes)
Event: 0.088 Thread 0x000002b07fbbe000  122       4       java.lang.String::length (11 bytes)
Event: 0.088 Thread 0x000002b07fbbe000 nmethod 122 0x000002b007ad5890 code [0x000002b007ad5a20, 0x000002b007ad5ab8]
Event: 0.088 Thread 0x000002b07fbc6800 nmethod 121 0x000002b0005cc010 code [0x000002b0005cc220, 0x000002b0005cca38]
Event: 0.088 Thread 0x000002b07fbc6800  123       1       java.util.zip.Inflater$InflaterZStreamRef::address (5 bytes)
Event: 0.088 Thread 0x000002b07fbc6800 nmethod 123 0x000002b007ad5b90 code [0x000002b007ad5d20, 0x000002b007ad5dd8]
Event: 0.088 Thread 0x000002b07fbc6800  124       1       java.net.URL::getProtocol (5 bytes)
Event: 0.088 Thread 0x000002b07fbc6800 nmethod 124 0x000002b007ad5e90 code [0x000002b007ad6020, 0x000002b007ad60d8]
Event: 0.088 Thread 0x000002b07fbc6800  125       3       java.util.Arrays::copyOf (19 bytes)
Event: 0.088 Thread 0x000002b07fbc6800 nmethod 125 0x000002b0005ccd10 code [0x000002b0005ccec0, 0x000002b0005cd1a8]
Event: 0.102 Thread 0x000002b07fbc6800  126       3       java.lang.StringBuilder::append (8 bytes)
Event: 0.102 Thread 0x000002b07fbc6800 nmethod 126 0x000002b0005cd310 code [0x000002b0005cd4c0, 0x000002b0005cd608]
Event: 0.102 Thread 0x000002b07fbc6800  127       3       java.lang.AbstractStringBuilder::append (77 bytes)

GC Heap History (0 events):
No events

Deoptimization events (4 events):
Event: 0.062 Thread 0x000002b0765ab000 Uncommon trap: trap_request=0xffffff45 fr.pc=0x000002b007ad3e9c relative=0x000000000000023c
Event: 0.062 Thread 0x000002b0765ab000 Uncommon trap: reason=unstable_if action=reinterpret pc=0x000002b007ad3e9c method=java.lang.String.hashCode()I @ 13 c2
Event: 0.062 Thread 0x000002b0765ab000 DEOPT PACKING pc=0x000002b007ad3e9c sp=0x000000cca3cfe020
Event: 0.062 Thread 0x000002b0765ab000 DEOPT UNPACKING pc=0x000002b00004912f sp=0x000000cca3cfdfb0 mode 2

Classes unloaded (0 events):
No events

Classes redefined (0 events):
No events

Internal exceptions (2 events):
Event: 0.084 Thread 0x000002b0765ab000 Exception <a 'java/io/FileNotFoundException'{0x0000000089c27bf0}> (0x0000000089c27bf0) 
thrown [./open/src/hotspot/share/prims/jni.cpp, line 599]
Event: 0.086 Thread 0x000002b0765ab000 Exception <a 'java/io/FileNotFoundException'{0x0000000089c39a40}> (0x0000000089c39a40) 
thrown [./open/src/hotspot/share/prims/jni.cpp, line 599]

Events (20 events):
Event: 0.079 Loaded shared library C:\Users\KB\.p2\pool\plugins\org.eclipse.justj.openjdk.hotspot.jre.full.win32.x86_64_14.0.2.v20200815-0932\jre\bin\verify.dll
Event: 0.080 loading class java/lang/InterruptedException
Event: 0.080 loading class java/lang/InterruptedException done
Event: 0.081 loading class jdk/internal/util/ArraysSupport
Event: 0.081 loading class jdk/internal/util/ArraysSupport done
Event: 0.081 Executing VM operation: HandshakeAllThreads
Event: 0.081 Executing VM operation: HandshakeAllThreads done
Event: 0.082 loading class java/lang/ClassLoaderHelper
Event: 0.082 loading class java/lang/ClassLoaderHelper done
Event: 0.083 Loaded shared library D:\Jaun\Juann\Java\210203_arduino_serial\src\rxtxSerial.dll
Event: 0.084 loading class java/io/FileNotFoundException
Event: 0.084 loading class java/io/FileNotFoundException done
Event: 0.087 loading class java/util/TooManyListenersException
Event: 0.087 loading class java/util/TooManyListenersException done
Event: 0.088 loading class java/lang/NumberFormatException
Event: 0.088 loading class java/lang/NumberFormatException done
Event: 0.088 loading class java/lang/IndexOutOfBoundsException
Event: 0.088 loading class java/lang/IndexOutOfBoundsException done
Event: 0.093 Thread 0x000002b07fdbf000 Thread added: 0x000002b07fdbf000
Event: 0.102 Thread 0x000002b07fdc0000 Thread added: 0x000002b07fdc0000


Dynamic libraries:
0x00007ff63c7f0000 - 0x00007ff63c7fd000 	C:\Users\KB\.p2\pool\plugins\org.eclipse.justj.openjdk.hotspot.jre.full.win32.x86_64_14.0.2.v20200815-0932\jre\bin\javaw.exe
0x00007ffa6cbc0000 - 0x00007ffa6cdb0000 	C:\Windows\SYSTEM32\ntdll.dll
0x00007ffa6ac70000 - 0x00007ffa6ad22000 	C:\Windows\System32\KERNEL32.DLL
0x00007ffa69b40000 - 0x00007ffa69de5000 	C:\Windows\System32\KERNELBASE.dll
0x00007ffa6a280000 - 0x00007ffa6a37a000 	C:\Windows\System32\ucrtbase.dll
0x00007ffa4a6f0000 - 0x00007ffa4a708000 	C:\Users\KB\.p2\pool\plugins\org.eclipse.justj.openjdk.hotspot.jre.full.win32.x86_64_14.0.2.v20200815-0932\jre\bin\jli.dll
0x00007ffa4e170000 - 0x00007ffa4e185000 	C:\Users\KB\.p2\pool\plugins\org.eclipse.justj.openjdk.hotspot.jre.full.win32.x86_64_14.0.2.v20200815-0932\jre\bin\VCRUNTIME140.dll
0x00007ffa6bc00000 - 0x00007ffa6bd94000 	C:\Windows\System32\USER32.dll
0x00007ffa69fe0000 - 0x00007ffa6a001000 	C:\Windows\System32\win32u.dll
0x00007ffa5e2b0000 - 0x00007ffa5e534000 	C:\Windows\WinSxS\amd64_microsoft.windows.common-controls_6595b64144ccf1df_6.0.18362.1316_none_9e7a364fe461dbd7\COMCTL32.dll
0x00007ffa6c9a0000 - 0x00007ffa6c9c6000 	C:\Windows\System32\GDI32.dll
0x00007ffa6c440000 - 0x00007ffa6c4de000 	C:\Windows\System32\msvcrt.dll
0x00007ffa69e40000 - 0x00007ffa69fd8000 	C:\Windows\System32\gdi32full.dll
0x00007ffa6c580000 - 0x00007ffa6c8b7000 	C:\Windows\System32\combase.dll
0x00007ffa6a160000 - 0x00007ffa6a1fe000 	C:\Windows\System32\msvcp_win.dll
0x00007ffa6af80000 - 0x00007ffa6b09f000 	C:\Windows\System32\RPCRT4.dll
0x00007ffa6a3b0000 - 0x00007ffa6a431000 	C:\Windows\System32\bcryptPrimitives.dll
0x00007ffa6cb50000 - 0x00007ffa6cb7e000 	C:\Windows\System32\IMM32.DLL
0x00007ffa41060000 - 0x00007ffa410fb000 	C:\Users\KB\.p2\pool\plugins\org.eclipse.justj.openjdk.hotspot.jre.full.win32.x86_64_14.0.2.v20200815-0932\jre\bin\msvcp140.dll
0x00007ffa2b0d0000 - 0x00007ffa2bbee000 	C:\Users\KB\.p2\pool\plugins\org.eclipse.justj.openjdk.hotspot.jre.full.win32.x86_64_14.0.2.v20200815-0932\jre\bin\server\jvm.dll
0x00007ffa6bb50000 - 0x00007ffa6bbf3000 	C:\Windows\System32\ADVAPI32.dll
0x00007ffa6c4e0000 - 0x00007ffa6c577000 	C:\Windows\System32\sechost.dll
0x00007ffa6b120000 - 0x00007ffa6b128000 	C:\Windows\System32\PSAPI.DLL
0x00007ffa66710000 - 0x00007ffa66719000 	C:\Windows\SYSTEM32\WSOCK32.dll
0x00007ffa602d0000 - 0x00007ffa602f4000 	C:\Windows\SYSTEM32\WINMM.dll
0x00007ffa65f30000 - 0x00007ffa65f3a000 	C:\Windows\SYSTEM32\VERSION.dll
0x00007ffa6c270000 - 0x00007ffa6c2df000 	C:\Windows\System32\WS2_32.dll
0x00007ffa601d0000 - 0x00007ffa601fd000 	C:\Windows\SYSTEM32\winmmbase.dll
0x00007ffa69df0000 - 0x00007ffa69e3a000 	C:\Windows\System32\cfgmgr32.dll
0x00007ffa69ad0000 - 0x00007ffa69ae1000 	C:\Windows\System32\kernel.appcore.dll
0x00007ffa5fb10000 - 0x00007ffa5fb1a000 	C:\Users\KB\.p2\pool\plugins\org.eclipse.justj.openjdk.hotspot.jre.full.win32.x86_64_14.0.2.v20200815-0932\jre\bin\jimage.dll
0x00007ffa60fb0000 - 0x00007ffa611a4000 	C:\Windows\SYSTEM32\DBGHELP.DLL
0x00007ffa5fdf0000 - 0x00007ffa5fe1a000 	C:\Windows\SYSTEM32\dbgcore.DLL
0x00007ffa50f20000 - 0x00007ffa50f45000 	C:\Users\KB\.p2\pool\plugins\org.eclipse.justj.openjdk.hotspot.jre.full.win32.x86_64_14.0.2.v20200815-0932\jre\bin\java.dll
0x00007ffa57180000 - 0x00007ffa57196000 	C:\Users\KB\.p2\pool\plugins\org.eclipse.justj.openjdk.hotspot.jre.full.win32.x86_64_14.0.2.v20200815-0932\jre\bin\zip.dll
0x00007ffa6b130000 - 0x00007ffa6b818000 	C:\Windows\System32\SHELL32.dll
0x00007ffa6c9d0000 - 0x00007ffa6ca77000 	C:\Windows\System32\shcore.dll
0x00007ffa6a4f0000 - 0x00007ffa6ac6b000 	C:\Windows\System32\windows.storage.dll
0x00007ffa69aa0000 - 0x00007ffa69ac3000 	C:\Windows\System32\profapi.dll
0x00007ffa69af0000 - 0x00007ffa69b3a000 	C:\Windows\System32\powrprof.dll
0x00007ffa69a70000 - 0x00007ffa69a80000 	C:\Windows\System32\UMPDC.dll
0x00007ffa6bda0000 - 0x00007ffa6bdf2000 	C:\Windows\System32\shlwapi.dll
0x00007ffa6a260000 - 0x00007ffa6a277000 	C:\Windows\System32\cryptsp.dll
0x00007ffa50ee0000 - 0x00007ffa50ef9000 	C:\Users\KB\.p2\pool\plugins\org.eclipse.justj.openjdk.hotspot.jre.full.win32.x86_64_14.0.2.v20200815-0932\jre\bin\net.dll
0x00007ffa64380000 - 0x00007ffa64470000 	C:\Windows\SYSTEM32\WINHTTP.dll
0x00007ffa69250000 - 0x00007ffa692b7000 	C:\Windows\system32\mswsock.dll
0x00007ffa4ffb0000 - 0x00007ffa4ffc2000 	C:\Users\KB\.p2\pool\plugins\org.eclipse.justj.openjdk.hotspot.jre.full.win32.x86_64_14.0.2.v20200815-0932\jre\bin\nio.dll
0x00007ffa58ff0000 - 0x00007ffa59000000 	C:\Users\KB\.p2\pool\plugins\org.eclipse.justj.openjdk.hotspot.jre.full.win32.x86_64_14.0.2.v20200815-0932\jre\bin\verify.dll
0x0000000180000000 - 0x0000000180025000 	D:\Jaun\Juann\Java\210203_arduino_serial\src\rxtxSerial.dll

dbghelp: loaded successfully - version: 4.0.5 - missing functions: none
symbol engine: initialized successfully - sym options: 0x614 - pdb path: .;C:\Users\KB\.p2\pool\plugins\org.eclipse.justj.openjdk.hotspot.jre.full.win32.x86_64_14.0.2.v20200815-0932\jre\bin;C:\Windows\SYSTEM32;C:\Windows\WinSxS\amd64_microsoft.windows.common-controls_6595b64144ccf1df_6.0.18362.1316_none_9e7a364fe461dbd7;C:\Users\KB\.p2\pool\plugins\org.eclipse.justj.openjdk.hotspot.jre.full.win32.x86_64_14.0.2.v20200815-0932\jre\bin\server;D:\Jaun\Juann\Java\210203_arduino_serial\src

VM Arguments:
jvm_args: -Djava.library.path=D:\Jaun\Juann\Java\210203_arduino_serial\src -Dfile.encoding=UTF-8 -XX:+ShowCodeDetailsInExceptionMessages 
java_command: MainSerial
java_class_path (initial): D:\Jaun\Juann\Java\210203_arduino_serial\bin;D:\Jaun\Juann\Java\210203_arduino_serial\src\RXTXcomm.jar
Launcher Type: SUN_STANDARD

[Global flags]
     intx CICompilerCount                          = 4                                         {product} {ergonomic}
     uint ConcGCThreads                            = 2                                         {product} {ergonomic}
     uint G1ConcRefinementThreads                  = 8                                         {product} {ergonomic}
   size_t G1HeapRegionSize                         = 1048576                                   {product} {ergonomic}
    uintx GCDrainStackTargetSize                   = 64                                        {product} {ergonomic}
   size_t InitialHeapSize                          = 134217728                                 {product} {ergonomic}
   size_t MarkStackSize                            = 4194304                                   {product} {ergonomic}
   size_t MaxHeapSize                              = 2116026368                                {product} {ergonomic}
   size_t MaxNewSize                               = 1268776960                                {product} {ergonomic}
   size_t MinHeapDeltaBytes                        = 1048576                                   {product} {ergonomic}
   size_t MinHeapSize                              = 8388608                                   {product} {ergonomic}
    uintx NonNMethodCodeHeapSize                   = 5839372                                {pd product} {ergonomic}
    uintx NonProfiledCodeHeapSize                  = 122909434                              {pd product} {ergonomic}
    uintx ProfiledCodeHeapSize                     = 122909434                              {pd product} {ergonomic}
    uintx ReservedCodeCacheSize                    = 251658240                              {pd product} {ergonomic}
     bool SegmentedCodeCache                       = true                                      {product} {ergonomic}
     bool ShowCodeDetailsInExceptionMessages       = true                                   {manageable} {command line}
   size_t SoftMaxHeapSize                          = 2116026368                             {manageable} {ergonomic}
     bool UseCompressedClassPointers               = true                                 {lp64_product} {ergonomic}
     bool UseCompressedOops                        = true                                 {lp64_product} {ergonomic}
     bool UseG1GC                                  = true                                      {product} {ergonomic}
     bool UseLargePagesIndividualAllocation        = false                                  {pd product} {ergonomic}

Logging:
Log output configuration:
 #0: stdout all=warning uptime,level,tags
 #1: stderr all=off uptime,level,tags

Environment Variables:
JAVA_HOME=C:\Program Files\Java\jdk1.8.0_271
JRE_HOME=C:\Program Files\Java\jre1.8.0_271
CLASSPATH=%classpath%;
PATH=C:/Users/KB/.p2/pool/plugins/org.eclipse.justj.openjdk.hotspot.jre.full.win32.x86_64_14.0.2.v20200815-0932/jre/bin/server;C:/Users/KB/.p2/pool/plugins/org.eclipse.justj.openjdk.hotspot.jre.full.win32.x86_64_14.0.2.v20200815-0932/jre/bin;C:\Program Files\Java\jdk1.8.0_271\bin;C:\Windows\system32;C:\Windows;C:\Windows\System32\Wbem;C:\Windows\System32\WindowsPowerShell\v1.0\;C:\Windows\System32\OpenSSH\;C:\Program Files (x86)\AOMEI Backupper;c:\Program Files (x86)\Microsoft SQL Server\100\Tools\Binn\;c:\Program Files\Microsoft SQL Server\100\Tools\Binn\;c:\Program Files\Microsoft SQL Server\100\DTS\Binn\;C:\Program Files\dotnet\;C:\Program Files\Microsoft SQL Server\130\Tools\Binn\;C:\Program Files\Microsoft SQL Server\Client SDK\ODBC\170\Tools\Binn\;C:\Program Files\Git\cmd;C:\Program Files\MySQL\MySQL Shell 8.0\bin\;C:\Users\KB\AppData\Local\Microsoft\WindowsApps;C:\Program Files\Bandizip\7z;C:\Users\KB\.dotnet\tools;C:\Users\KB\AppData\Local\GitHubDesktop\bin;C:\Users\KB\AppData\Local\Programs\Microsoft VS Code\bin;C:\Users\KB\Desktop;
USERNAME=KB
OS=Windows_NT
PROCESSOR_IDENTIFIER=Intel64 Family 6 Model 158 Stepping 13, GenuineIntel



---------------  S Y S T E M  ---------------

OS: Windows 10 , 64 bit Build 18362 (10.0.18362.1316)
OS uptime: 16 days 5:01 hours

CPU:total 8 (initial active 8) (8 cores per cpu, 1 threads per core) family 6 model 158 stepping 13, cmov, cx8, fxsr, mmx, sse, sse2, sse3, ssse3, sse4.1, sse4.2, popcnt, avx, avx2, aes, clmul, erms, rtm, 3dnowpref, lzcnt, tsc, tscinvbit, bmi1, bmi2, adx, fma

Memory: 4k page, system-wide physical 8065M (2793M free)
TotalPageFile size 9409M (AvailPageFile size 1979M)
current process WorkingSet (physical memory assigned to process): 31M, peak: 31M
current process commit charge ("private bytes"): 204M, peak: 204M

vm_info: OpenJDK 64-Bit Server VM (14.0.2+12-46) for windows-amd64 JRE (14.0.2+12-46), built on Jul  9 2020 00:31:16 by "mach5one" with MS VC++ 15.9 (VS2017)

END.
