#
# A fatal error has been detected by the Java Runtime Environment:
#
#  EXCEPTION_ACCESS_VIOLATION (0xc0000005) at pc=0x000000007110b5db, pid=12788, tid=17432
#
# JRE version: OpenJDK Runtime Environment (15.0.1+9) (build 15.0.1+9-18)
# Java VM: OpenJDK 64-Bit Server VM (15.0.1+9-18, mixed mode, tiered, compressed oops, g1 gc, windows-amd64)
# Problematic frame:
# C  [jSSC-2.8_x86_64.dll+0xb5db]
#
# No core dump will be written. Minidumps are not enabled by default on client versions of Windows
#
# If you would like to submit a bug report, please visit:
#   https://bugreport.java.com/bugreport/crash.jsp
# The crash happened outside the Java Virtual Machine in native code.
# See problematic frame for where to report the bug.
#

---------------  S U M M A R Y ------------

Command Line: -Dfile.encoding=UTF-8 -XX:+ShowCodeDetailsInExceptionMessages serial_20210210.MySerial

Host: Intel(R) Core(TM) i7-9700 CPU @ 3.00GHz, 8 cores, 7G,  Windows 10 , 64 bit Build 18362 (10.0.18362.1316)
Time: Wed Feb 10 11:37:37 2021 ¢¥eCN©öI¡¾©ö C¡ÍA¨ª¨öA elapsed time: 0.117893 seconds (0d 0h 0m 0s)

---------------  T H R E A D  ---------------

Current thread (0x000001dfa59536e0):  JavaThread "main" [_thread_in_native, id=17432, stack(0x000000a119000000,0x000000a119100000)]

Stack: [0x000000a119000000,0x000000a119100000],  sp=0x000000a1190ff310,  free space=1020k
Native frames: (J=compiled Java code, j=interpreted, Vv=VM code, C=native code)
C  [jSSC-2.8_x86_64.dll+0xb5db]

Java frames: (J=compiled Java code, j=interpreted, Vv=VM code)
j  jssc.SerialNativeInterface.openPort(Ljava/lang/String;Z)J+0
j  jssc.SerialPort.openPort()Z+65
j  serial_20210210.MySerial.main([Ljava/lang/String;)V+54
v  ~StubRoutines::call_stub

siginfo: EXCEPTION_ACCESS_VIOLATION (0xc0000005), reading address 0xffffffffa3971bdf


Register to memory mapping:

RIP=0x000000007110b5db jSSC-2.8_x86_64.dll
RAX=0xffffffffa3971bdf is an unknown value
RBX=0x000000a1190ff380 is pointing into the stack for thread: 0x000001dfa59536e0
RCX=0x00007ff93995c8d4 ntdll.dll
RDX=0x0 is NULL
RSP=0x000000a1190ff310 is pointing into the stack for thread: 0x000001dfa59536e0
RBP=0x000000a1190ff490 is pointing into the stack for thread: 0x000001dfa59536e0
RSI=0x000001dfa5953a08 points into unknown readable memory: 0x00007ff8f479de40 | 40 de 79 f4 f8 7f 00 00
RDI=0x0000000000000470 is an unknown value
R8 =0x000000a1190ff208 is pointing into the stack for thread: 0x000001dfa59536e0
R9 =0x000000a1190ff300 is pointing into the stack for thread: 0x000001dfa59536e0
R10=0x0 is NULL
R11=0x0000000000000246 is an unknown value
R12=0x000000a1190ff548 is pointing into the stack for thread: 0x000001dfa59536e0
R13=0x000001dfc061b4d0 points into unknown readable memory: 0x72003e00354d4f43 | 43 4f 4d 35 00 3e 00 72
R14=0x000000a1190ff440 is pointing into the stack for thread: 0x000001dfa59536e0
R15=0x000001dfa59536e0 is a thread


Registers:
RAX=0xffffffffa3971bdf, RBX=0x000000a1190ff380, RCX=0x00007ff93995c8d4, RDX=0x0000000000000000
RSP=0x000000a1190ff310, RBP=0x000000a1190ff490, RSI=0x000001dfa5953a08, RDI=0x0000000000000470
R8 =0x000000a1190ff208, R9 =0x000000a1190ff300, R10=0x0000000000000000, R11=0x0000000000000246
R12=0x000000a1190ff548, R13=0x000001dfc061b4d0, R14=0x000000a1190ff440, R15=0x000001dfa59536e0
RIP=0x000000007110b5db, EFLAGS=0x0000000000010206

Top of Stack: (sp=0x000000a1190ff310)
0x000000a1190ff310:   000001dfc0612e70 00000034399006e1
0x000000a1190ff320:   000000007110b230 000001dfc061b140
0x000000a1190ff330:   000000a1190ff490 0000000000000004
0x000000a1190ff340:   000001dfa5953a08 0000000000000470
0x000000a1190ff350:   000000a1190ff490 0000000071112590
0x000000a1190ff360:   000001dfa59536e0 000000a1190ff440
0x000000a1190ff370:   000001dfc061b4d0 000000a1190ff548
0x000000a1190ff380:   000001dfc061b4d0 00007ff9399006e1
0x000000a1190ff390:   000000a1190ff3c0 000001dfa3800000
0x000000a1190ff3a0:   000000a1190ff490 0000000000000000
0x000000a1190ff3b0:   0000000071113500 0000000071113be8
0x000000a1190ff3c0:   000000a1190ff3f0 0000000071112641
0x000000a1190ff3d0:   000000a1190ff360 000001dfa5953a08
0x000000a1190ff3e0:   0000000000000000 0000000000000000
0x000000a1190ff3f0:   000000a1190ff490 0000000071101595
0x000000a1190ff400:   000000000000001c 000001df00000000 

Instructions: (pc=0x000000007110b5db)
0x000000007110b4db:   48 85 c0 74 bf 44 8b 03 45 85 c0 0f 84 77 ff ff
0x000000007110b4eb:   ff eb 9f 66 90 e8 8b fe ff ff 48 89 05 0c 34 01
0x000000007110b4fb:   00 eb ad 66 90 e8 7b fe ff ff 48 89 05 fc 33 01
0x000000007110b50b:   00 eb 8b e8 8d fe ff ff c7 03 01 00 00 00 e9 6f
0x000000007110b51b:   ff ff ff 66 90 55 48 89 e5 56 53 48 83 ec 20 48
0x000000007110b52b:   8b 05 d7 33 01 00 48 8b 31 48 89 cb 48 85 c0 74
0x000000007110b53b:   56 44 8b 18 45 85 db 78 42 48 8b 05 bd 33 01 00
0x000000007110b54b:   48 85 c0 74 50 44 8b 10 45 85 d2 74 1d 48 89 f1
0x000000007110b55b:   e8 d0 fd ff ff 48 8b 13 48 8d 42 40 48 8b 48 08
0x000000007110b56b:   48 8b 6a 40 48 8b 60 10 ff e1 48 8b 05 9c 33 01
0x000000007110b57b:   00 48 85 c0 74 2d 48 89 30 eb da e8 b5 fe ff ff
0x000000007110b58b:   0f 1f 44 00 00 eb b2 e8 e9 fd ff ff 48 89 05 6a
0x000000007110b59b:   33 01 00 eb 9c e8 db fd ff ff 48 89 05 5c 33 01
0x000000007110b5ab:   00 eb a2 e8 3d fd ff ff 48 89 05 5e 33 01 00 eb
0x000000007110b5bb:   c5 0f 1f 40 00 55 57 56 53 48 83 ec 28 48 8b 05
0x000000007110b5cb:   39 33 01 00 48 89 cb 48 85 c0 0f 84 c5 00 00 00
0x000000007110b5db:   8b 38 85 ff 0f 88 ab 00 00 00 48 8b 05 1c 33 01
0x000000007110b5eb:   00 48 85 c0 0f 84 bc 00 00 00 8b 30 85 f6 74 57
0x000000007110b5fb:   48 8b 05 0e 33 01 00 48 85 c0 0f 84 e5 00 00 00
0x000000007110b60b:   8b 28 48 8b 35 10 5e 01 00 ff d6 89 c7 89 e9 ff
0x000000007110b61b:   15 f4 5e 01 00 89 f9 48 89 c5 ff 15 b9 5e 01 00
0x000000007110b62b:   48 8b 05 de 32 01 00 48 89 2b 48 85 c0 74 46 48
0x000000007110b63b:   89 da 8b 08 ff 15 d7 5e 01 00 85 c0 74 27 48 83
0x000000007110b64b:   c4 28 5b 5e 5f 5d c3 48 8b 05 bf 32 01 00 48 85
0x000000007110b65b:   c0 74 64 48 8b 10 48 89 13 48 89 18 48 83 c4 28
0x000000007110b66b:   5b 5e 5f 5d c3 48 89 f2 48 83 c4 28 5b 5e 5f 5d
0x000000007110b67b:   48 ff e2 66 90 e8 8b fc ff ff 48 89 05 84 32 01
0x000000007110b68b:   00 eb ac 66 90 e8 ab fd ff ff e9 4b ff ff ff 66
0x000000007110b69b:   0f 1f 44 00 00 e8 db fc ff ff 48 89 05 5c 32 01
0x000000007110b6ab:   00 e9 2a ff ff ff e8 ca fc ff ff 48 89 05 4b 32
0x000000007110b6bb:   01 00 e9 33 ff ff ff e8 29 fc ff ff 48 89 05 4a
0x000000007110b6cb:   32 01 00 48 8b 10 48 85 c0 48 89 13 75 8b e8 12 


Stack slot to memory mapping:
stack at sp + 0 slots: 0x000001dfc0612e70 points into unknown readable memory: 0x000001dfa3751380 | 80 13 75 a3 df 01 00 00
stack at sp + 1 slots: 0x00000034399006e1 is an unknown value
stack at sp + 2 slots: 0x000000007110b230 jSSC-2.8_x86_64.dll
stack at sp + 3 slots: 0x000001dfc061b140 points into unknown readable memory: 0x000001dfc0612e70 | 70 2e 61 c0 df 01 00 00
stack at sp + 4 slots: 0x000000a1190ff490 is pointing into the stack for thread: 0x000001dfa59536e0
stack at sp + 5 slots: 0x0000000000000004 is an unknown value
stack at sp + 6 slots: 0x000001dfa5953a08 points into unknown readable memory: 0x00007ff8f479de40 | 40 de 79 f4 f8 7f 00 00
stack at sp + 7 slots: 0x0000000000000470 is an unknown value


---------------  P R O C E S S  ---------------

Threads class SMR info:
_java_thread_list=0x000001dfc0602ab0, length=11, elements={
0x000001dfa59536e0, 0x000001dfbfc32020, 0x000001dfbfc33180, 0x000001dfc0483b70,
0x000001dfc0486440, 0x000001dfc048b4c0, 0x000001dfc048c0b0, 0x000001dfc04b1cd0,
0x000001dfc04b21e0, 0x000001dfc061b550, 0x000001dfc063da40
}

Java Threads: ( => current thread )
=>0x000001dfa59536e0 JavaThread "main" [_thread_in_native, id=17432, stack(0x000000a119000000,0x000000a119100000)]
  0x000001dfbfc32020 JavaThread "Reference Handler" daemon [_thread_blocked, id=17168, stack(0x000000a119700000,0x000000a119800000)]
  0x000001dfbfc33180 JavaThread "Finalizer" daemon [_thread_blocked, id=5772, stack(0x000000a119800000,0x000000a119900000)]
  0x000001dfc0483b70 JavaThread "Signal Dispatcher" daemon [_thread_blocked, id=17684, stack(0x000000a119900000,0x000000a119a00000)]
  0x000001dfc0486440 JavaThread "Attach Listener" daemon [_thread_blocked, id=21856, stack(0x000000a119a00000,0x000000a119b00000)]
  0x000001dfc048b4c0 JavaThread "Service Thread" daemon [_thread_blocked, id=22324, stack(0x000000a119b00000,0x000000a119c00000)]
  0x000001dfc048c0b0 JavaThread "C2 CompilerThread0" daemon [_thread_blocked, id=17284, stack(0x000000a119c00000,0x000000a119d00000)]
  0x000001dfc04b1cd0 JavaThread "C1 CompilerThread0" daemon [_thread_blocked, id=21764, stack(0x000000a119d00000,0x000000a119e00000)]
  0x000001dfc04b21e0 JavaThread "Sweeper thread" daemon [_thread_blocked, id=10732, stack(0x000000a119e00000,0x000000a119f00000)]
  0x000001dfc061b550 JavaThread "Notification Thread" daemon [_thread_blocked, id=21544, stack(0x000000a119f00000,0x000000a11a000000)]
  0x000001dfc063da40 JavaThread "Common-Cleaner" daemon [_thread_blocked, id=13052, stack(0x000000a11a100000,0x000000a11a200000)]

Other Threads:
  0x000001dfc044e0e0 VMThread "VM Thread" [stack: 0x000000a119600000,0x000000a119700000] [id=7236]
  0x000001dfc0646900 WatcherThread [stack: 0x000000a11a000000,0x000000a11a100000] [id=7076]
  0x000001dfa59952a0 GCTaskThread "GC Thread#0" [stack: 0x000000a119100000,0x000000a119200000] [id=12324]
  0x000001dfa59a6860 ConcurrentGCThread "G1 Main Marker" [stack: 0x000000a119200000,0x000000a119300000] [id=21112]
  0x000001dfa59a73e0 ConcurrentGCThread "G1 Conc#0" [stack: 0x000000a119300000,0x000000a119400000] [id=15144]
  0x000001dfa5a1e8a0 ConcurrentGCThread "G1 Refine#0" [stack: 0x000000a119400000,0x000000a119500000] [id=18028]
  0x000001dfbfa534a0 ConcurrentGCThread "G1 Young RemSet Sampling" [stack: 0x000000a119500000,0x000000a119600000] [id=15952]

Threads with active compile tasks:

VM state: not at safepoint (normal execution)

VM Mutex/Monitor currently owned by a thread: None

Heap address: 0x0000000081e00000, size: 2018 MB, Compressed Oops mode: 32-bit
CDS disabled.
Compressed class space mapped at: 0x0000000100000000-0x0000000140000000, size: 1073741824
Narrow klass base: 0x0000000000000000, Narrow klass shift: 3, Narrow klass range: 0x140000000

GC Precious Log:
 CPUs: 8 total, 8 available
 Memory: 8065M
 Large Page Support: Disabled
 NUMA Support: Disabled
 Compressed Oops: Enabled (32-bit)
 Heap Region Size: 1M
 Heap Min Capacity: 8M
 Heap Initial Capacity: 128M
 Heap Max Capacity: 2018M
 Pre-touch: Disabled
 Parallel Workers: 8
 Concurrent Workers: 2
 Concurrent Refinement Workers: 8
 Periodic GC: Disabled

Heap:
 garbage-first heap   total 131072K, used 1024K [0x0000000081e00000, 0x0000000100000000)
  region size 1024K, 2 young (2048K), 0 survivors (0K)
 Metaspace       used 5173K, capacity 5232K, committed 5376K, reserved 1056768K
  class space    used 440K, capacity 464K, committed 512K, reserved 1048576K

Heap Regions: E=young(eden), S=young(survivor), O=old, HS=humongous(starts), HC=humongous(continues), CS=collection set, F=free, OA=open archive, CA=closed archive, TAMS=top-at-mark-start (previous, next)
|   0|0x0000000081e00000, 0x0000000081e00000, 0x0000000081f00000|  0%| F|  |TAMS 0x0000000081e00000, 0x0000000081e00000| Untracked 
|   1|0x0000000081f00000, 0x0000000081f00000, 0x0000000082000000|  0%| F|  |TAMS 0x0000000081f00000, 0x0000000081f00000| Untracked 
|   2|0x0000000082000000, 0x0000000082000000, 0x0000000082100000|  0%| F|  |TAMS 0x0000000082000000, 0x0000000082000000| Untracked 
|   3|0x0000000082100000, 0x0000000082100000, 0x0000000082200000|  0%| F|  |TAMS 0x0000000082100000, 0x0000000082100000| Untracked 
|   4|0x0000000082200000, 0x0000000082200000, 0x0000000082300000|  0%| F|  |TAMS 0x0000000082200000, 0x0000000082200000| Untracked 
|   5|0x0000000082300000, 0x0000000082300000, 0x0000000082400000|  0%| F|  |TAMS 0x0000000082300000, 0x0000000082300000| Untracked 
|   6|0x0000000082400000, 0x0000000082400000, 0x0000000082500000|  0%| F|  |TAMS 0x0000000082400000, 0x0000000082400000| Untracked 
|   7|0x0000000082500000, 0x0000000082500000, 0x0000000082600000|  0%| F|  |TAMS 0x0000000082500000, 0x0000000082500000| Untracked 
|   8|0x0000000082600000, 0x0000000082600000, 0x0000000082700000|  0%| F|  |TAMS 0x0000000082600000, 0x0000000082600000| Untracked 
|   9|0x0000000082700000, 0x0000000082700000, 0x0000000082800000|  0%| F|  |TAMS 0x0000000082700000, 0x0000000082700000| Untracked 
|  10|0x0000000082800000, 0x0000000082800000, 0x0000000082900000|  0%| F|  |TAMS 0x0000000082800000, 0x0000000082800000| Untracked 
|  11|0x0000000082900000, 0x0000000082900000, 0x0000000082a00000|  0%| F|  |TAMS 0x0000000082900000, 0x0000000082900000| Untracked 
|  12|0x0000000082a00000, 0x0000000082a00000, 0x0000000082b00000|  0%| F|  |TAMS 0x0000000082a00000, 0x0000000082a00000| Untracked 
|  13|0x0000000082b00000, 0x0000000082b00000, 0x0000000082c00000|  0%| F|  |TAMS 0x0000000082b00000, 0x0000000082b00000| Untracked 
|  14|0x0000000082c00000, 0x0000000082c00000, 0x0000000082d00000|  0%| F|  |TAMS 0x0000000082c00000, 0x0000000082c00000| Untracked 
|  15|0x0000000082d00000, 0x0000000082d00000, 0x0000000082e00000|  0%| F|  |TAMS 0x0000000082d00000, 0x0000000082d00000| Untracked 
|  16|0x0000000082e00000, 0x0000000082e00000, 0x0000000082f00000|  0%| F|  |TAMS 0x0000000082e00000, 0x0000000082e00000| Untracked 
|  17|0x0000000082f00000, 0x0000000082f00000, 0x0000000083000000|  0%| F|  |TAMS 0x0000000082f00000, 0x0000000082f00000| Untracked 
|  18|0x0000000083000000, 0x0000000083000000, 0x0000000083100000|  0%| F|  |TAMS 0x0000000083000000, 0x0000000083000000| Untracked 
|  19|0x0000000083100000, 0x0000000083100000, 0x0000000083200000|  0%| F|  |TAMS 0x0000000083100000, 0x0000000083100000| Untracked 
|  20|0x0000000083200000, 0x0000000083200000, 0x0000000083300000|  0%| F|  |TAMS 0x0000000083200000, 0x0000000083200000| Untracked 
|  21|0x0000000083300000, 0x0000000083300000, 0x0000000083400000|  0%| F|  |TAMS 0x0000000083300000, 0x0000000083300000| Untracked 
|  22|0x0000000083400000, 0x0000000083400000, 0x0000000083500000|  0%| F|  |TAMS 0x0000000083400000, 0x0000000083400000| Untracked 
|  23|0x0000000083500000, 0x0000000083500000, 0x0000000083600000|  0%| F|  |TAMS 0x0000000083500000, 0x0000000083500000| Untracked 
|  24|0x0000000083600000, 0x0000000083600000, 0x0000000083700000|  0%| F|  |TAMS 0x0000000083600000, 0x0000000083600000| Untracked 
|  25|0x0000000083700000, 0x0000000083700000, 0x0000000083800000|  0%| F|  |TAMS 0x0000000083700000, 0x0000000083700000| Untracked 
|  26|0x0000000083800000, 0x0000000083800000, 0x0000000083900000|  0%| F|  |TAMS 0x0000000083800000, 0x0000000083800000| Untracked 
|  27|0x0000000083900000, 0x0000000083900000, 0x0000000083a00000|  0%| F|  |TAMS 0x0000000083900000, 0x0000000083900000| Untracked 
|  28|0x0000000083a00000, 0x0000000083a00000, 0x0000000083b00000|  0%| F|  |TAMS 0x0000000083a00000, 0x0000000083a00000| Untracked 
|  29|0x0000000083b00000, 0x0000000083b00000, 0x0000000083c00000|  0%| F|  |TAMS 0x0000000083b00000, 0x0000000083b00000| Untracked 
|  30|0x0000000083c00000, 0x0000000083c00000, 0x0000000083d00000|  0%| F|  |TAMS 0x0000000083c00000, 0x0000000083c00000| Untracked 
|  31|0x0000000083d00000, 0x0000000083d00000, 0x0000000083e00000|  0%| F|  |TAMS 0x0000000083d00000, 0x0000000083d00000| Untracked 
|  32|0x0000000083e00000, 0x0000000083e00000, 0x0000000083f00000|  0%| F|  |TAMS 0x0000000083e00000, 0x0000000083e00000| Untracked 
|  33|0x0000000083f00000, 0x0000000083f00000, 0x0000000084000000|  0%| F|  |TAMS 0x0000000083f00000, 0x0000000083f00000| Untracked 
|  34|0x0000000084000000, 0x0000000084000000, 0x0000000084100000|  0%| F|  |TAMS 0x0000000084000000, 0x0000000084000000| Untracked 
|  35|0x0000000084100000, 0x0000000084100000, 0x0000000084200000|  0%| F|  |TAMS 0x0000000084100000, 0x0000000084100000| Untracked 
|  36|0x0000000084200000, 0x0000000084200000, 0x0000000084300000|  0%| F|  |TAMS 0x0000000084200000, 0x0000000084200000| Untracked 
|  37|0x0000000084300000, 0x0000000084300000, 0x0000000084400000|  0%| F|  |TAMS 0x0000000084300000, 0x0000000084300000| Untracked 
|  38|0x0000000084400000, 0x0000000084400000, 0x0000000084500000|  0%| F|  |TAMS 0x0000000084400000, 0x0000000084400000| Untracked 
|  39|0x0000000084500000, 0x0000000084500000, 0x0000000084600000|  0%| F|  |TAMS 0x0000000084500000, 0x0000000084500000| Untracked 
|  40|0x0000000084600000, 0x0000000084600000, 0x0000000084700000|  0%| F|  |TAMS 0x0000000084600000, 0x0000000084600000| Untracked 
|  41|0x0000000084700000, 0x0000000084700000, 0x0000000084800000|  0%| F|  |TAMS 0x0000000084700000, 0x0000000084700000| Untracked 
|  42|0x0000000084800000, 0x0000000084800000, 0x0000000084900000|  0%| F|  |TAMS 0x0000000084800000, 0x0000000084800000| Untracked 
|  43|0x0000000084900000, 0x0000000084900000, 0x0000000084a00000|  0%| F|  |TAMS 0x0000000084900000, 0x0000000084900000| Untracked 
|  44|0x0000000084a00000, 0x0000000084a00000, 0x0000000084b00000|  0%| F|  |TAMS 0x0000000084a00000, 0x0000000084a00000| Untracked 
|  45|0x0000000084b00000, 0x0000000084b00000, 0x0000000084c00000|  0%| F|  |TAMS 0x0000000084b00000, 0x0000000084b00000| Untracked 
|  46|0x0000000084c00000, 0x0000000084c00000, 0x0000000084d00000|  0%| F|  |TAMS 0x0000000084c00000, 0x0000000084c00000| Untracked 
|  47|0x0000000084d00000, 0x0000000084d00000, 0x0000000084e00000|  0%| F|  |TAMS 0x0000000084d00000, 0x0000000084d00000| Untracked 
|  48|0x0000000084e00000, 0x0000000084e00000, 0x0000000084f00000|  0%| F|  |TAMS 0x0000000084e00000, 0x0000000084e00000| Untracked 
|  49|0x0000000084f00000, 0x0000000084f00000, 0x0000000085000000|  0%| F|  |TAMS 0x0000000084f00000, 0x0000000084f00000| Untracked 
|  50|0x0000000085000000, 0x0000000085000000, 0x0000000085100000|  0%| F|  |TAMS 0x0000000085000000, 0x0000000085000000| Untracked 
|  51|0x0000000085100000, 0x0000000085100000, 0x0000000085200000|  0%| F|  |TAMS 0x0000000085100000, 0x0000000085100000| Untracked 
|  52|0x0000000085200000, 0x0000000085200000, 0x0000000085300000|  0%| F|  |TAMS 0x0000000085200000, 0x0000000085200000| Untracked 
|  53|0x0000000085300000, 0x0000000085300000, 0x0000000085400000|  0%| F|  |TAMS 0x0000000085300000, 0x0000000085300000| Untracked 
|  54|0x0000000085400000, 0x0000000085400000, 0x0000000085500000|  0%| F|  |TAMS 0x0000000085400000, 0x0000000085400000| Untracked 
|  55|0x0000000085500000, 0x0000000085500000, 0x0000000085600000|  0%| F|  |TAMS 0x0000000085500000, 0x0000000085500000| Untracked 
|  56|0x0000000085600000, 0x0000000085600000, 0x0000000085700000|  0%| F|  |TAMS 0x0000000085600000, 0x0000000085600000| Untracked 
|  57|0x0000000085700000, 0x0000000085700000, 0x0000000085800000|  0%| F|  |TAMS 0x0000000085700000, 0x0000000085700000| Untracked 
|  58|0x0000000085800000, 0x0000000085800000, 0x0000000085900000|  0%| F|  |TAMS 0x0000000085800000, 0x0000000085800000| Untracked 
|  59|0x0000000085900000, 0x0000000085900000, 0x0000000085a00000|  0%| F|  |TAMS 0x0000000085900000, 0x0000000085900000| Untracked 
|  60|0x0000000085a00000, 0x0000000085a00000, 0x0000000085b00000|  0%| F|  |TAMS 0x0000000085a00000, 0x0000000085a00000| Untracked 
|  61|0x0000000085b00000, 0x0000000085b00000, 0x0000000085c00000|  0%| F|  |TAMS 0x0000000085b00000, 0x0000000085b00000| Untracked 
|  62|0x0000000085c00000, 0x0000000085c00000, 0x0000000085d00000|  0%| F|  |TAMS 0x0000000085c00000, 0x0000000085c00000| Untracked 
|  63|0x0000000085d00000, 0x0000000085d00000, 0x0000000085e00000|  0%| F|  |TAMS 0x0000000085d00000, 0x0000000085d00000| Untracked 
|  64|0x0000000085e00000, 0x0000000085e00000, 0x0000000085f00000|  0%| F|  |TAMS 0x0000000085e00000, 0x0000000085e00000| Untracked 
|  65|0x0000000085f00000, 0x0000000085f00000, 0x0000000086000000|  0%| F|  |TAMS 0x0000000085f00000, 0x0000000085f00000| Untracked 
|  66|0x0000000086000000, 0x0000000086000000, 0x0000000086100000|  0%| F|  |TAMS 0x0000000086000000, 0x0000000086000000| Untracked 
|  67|0x0000000086100000, 0x0000000086100000, 0x0000000086200000|  0%| F|  |TAMS 0x0000000086100000, 0x0000000086100000| Untracked 
|  68|0x0000000086200000, 0x0000000086200000, 0x0000000086300000|  0%| F|  |TAMS 0x0000000086200000, 0x0000000086200000| Untracked 
|  69|0x0000000086300000, 0x0000000086300000, 0x0000000086400000|  0%| F|  |TAMS 0x0000000086300000, 0x0000000086300000| Untracked 
|  70|0x0000000086400000, 0x0000000086400000, 0x0000000086500000|  0%| F|  |TAMS 0x0000000086400000, 0x0000000086400000| Untracked 
|  71|0x0000000086500000, 0x0000000086500000, 0x0000000086600000|  0%| F|  |TAMS 0x0000000086500000, 0x0000000086500000| Untracked 
|  72|0x0000000086600000, 0x0000000086600000, 0x0000000086700000|  0%| F|  |TAMS 0x0000000086600000, 0x0000000086600000| Untracked 
|  73|0x0000000086700000, 0x0000000086700000, 0x0000000086800000|  0%| F|  |TAMS 0x0000000086700000, 0x0000000086700000| Untracked 
|  74|0x0000000086800000, 0x0000000086800000, 0x0000000086900000|  0%| F|  |TAMS 0x0000000086800000, 0x0000000086800000| Untracked 
|  75|0x0000000086900000, 0x0000000086900000, 0x0000000086a00000|  0%| F|  |TAMS 0x0000000086900000, 0x0000000086900000| Untracked 
|  76|0x0000000086a00000, 0x0000000086a00000, 0x0000000086b00000|  0%| F|  |TAMS 0x0000000086a00000, 0x0000000086a00000| Untracked 
|  77|0x0000000086b00000, 0x0000000086b00000, 0x0000000086c00000|  0%| F|  |TAMS 0x0000000086b00000, 0x0000000086b00000| Untracked 
|  78|0x0000000086c00000, 0x0000000086c00000, 0x0000000086d00000|  0%| F|  |TAMS 0x0000000086c00000, 0x0000000086c00000| Untracked 
|  79|0x0000000086d00000, 0x0000000086d00000, 0x0000000086e00000|  0%| F|  |TAMS 0x0000000086d00000, 0x0000000086d00000| Untracked 
|  80|0x0000000086e00000, 0x0000000086e00000, 0x0000000086f00000|  0%| F|  |TAMS 0x0000000086e00000, 0x0000000086e00000| Untracked 
|  81|0x0000000086f00000, 0x0000000086f00000, 0x0000000087000000|  0%| F|  |TAMS 0x0000000086f00000, 0x0000000086f00000| Untracked 
|  82|0x0000000087000000, 0x0000000087000000, 0x0000000087100000|  0%| F|  |TAMS 0x0000000087000000, 0x0000000087000000| Untracked 
|  83|0x0000000087100000, 0x0000000087100000, 0x0000000087200000|  0%| F|  |TAMS 0x0000000087100000, 0x0000000087100000| Untracked 
|  84|0x0000000087200000, 0x0000000087200000, 0x0000000087300000|  0%| F|  |TAMS 0x0000000087200000, 0x0000000087200000| Untracked 
|  85|0x0000000087300000, 0x0000000087300000, 0x0000000087400000|  0%| F|  |TAMS 0x0000000087300000, 0x0000000087300000| Untracked 
|  86|0x0000000087400000, 0x0000000087400000, 0x0000000087500000|  0%| F|  |TAMS 0x0000000087400000, 0x0000000087400000| Untracked 
|  87|0x0000000087500000, 0x0000000087500000, 0x0000000087600000|  0%| F|  |TAMS 0x0000000087500000, 0x0000000087500000| Untracked 
|  88|0x0000000087600000, 0x0000000087600000, 0x0000000087700000|  0%| F|  |TAMS 0x0000000087600000, 0x0000000087600000| Untracked 
|  89|0x0000000087700000, 0x0000000087700000, 0x0000000087800000|  0%| F|  |TAMS 0x0000000087700000, 0x0000000087700000| Untracked 
|  90|0x0000000087800000, 0x0000000087800000, 0x0000000087900000|  0%| F|  |TAMS 0x0000000087800000, 0x0000000087800000| Untracked 
|  91|0x0000000087900000, 0x0000000087900000, 0x0000000087a00000|  0%| F|  |TAMS 0x0000000087900000, 0x0000000087900000| Untracked 
|  92|0x0000000087a00000, 0x0000000087a00000, 0x0000000087b00000|  0%| F|  |TAMS 0x0000000087a00000, 0x0000000087a00000| Untracked 
|  93|0x0000000087b00000, 0x0000000087b00000, 0x0000000087c00000|  0%| F|  |TAMS 0x0000000087b00000, 0x0000000087b00000| Untracked 
|  94|0x0000000087c00000, 0x0000000087c00000, 0x0000000087d00000|  0%| F|  |TAMS 0x0000000087c00000, 0x0000000087c00000| Untracked 
|  95|0x0000000087d00000, 0x0000000087d00000, 0x0000000087e00000|  0%| F|  |TAMS 0x0000000087d00000, 0x0000000087d00000| Untracked 
|  96|0x0000000087e00000, 0x0000000087e00000, 0x0000000087f00000|  0%| F|  |TAMS 0x0000000087e00000, 0x0000000087e00000| Untracked 
|  97|0x0000000087f00000, 0x0000000087f00000, 0x0000000088000000|  0%| F|  |TAMS 0x0000000087f00000, 0x0000000087f00000| Untracked 
|  98|0x0000000088000000, 0x0000000088000000, 0x0000000088100000|  0%| F|  |TAMS 0x0000000088000000, 0x0000000088000000| Untracked 
|  99|0x0000000088100000, 0x0000000088100000, 0x0000000088200000|  0%| F|  |TAMS 0x0000000088100000, 0x0000000088100000| Untracked 
| 100|0x0000000088200000, 0x0000000088200000, 0x0000000088300000|  0%| F|  |TAMS 0x0000000088200000, 0x0000000088200000| Untracked 
| 101|0x0000000088300000, 0x0000000088300000, 0x0000000088400000|  0%| F|  |TAMS 0x0000000088300000, 0x0000000088300000| Untracked 
| 102|0x0000000088400000, 0x0000000088400000, 0x0000000088500000|  0%| F|  |TAMS 0x0000000088400000, 0x0000000088400000| Untracked 
| 103|0x0000000088500000, 0x0000000088500000, 0x0000000088600000|  0%| F|  |TAMS 0x0000000088500000, 0x0000000088500000| Untracked 
| 104|0x0000000088600000, 0x0000000088600000, 0x0000000088700000|  0%| F|  |TAMS 0x0000000088600000, 0x0000000088600000| Untracked 
| 105|0x0000000088700000, 0x0000000088700000, 0x0000000088800000|  0%| F|  |TAMS 0x0000000088700000, 0x0000000088700000| Untracked 
| 106|0x0000000088800000, 0x0000000088800000, 0x0000000088900000|  0%| F|  |TAMS 0x0000000088800000, 0x0000000088800000| Untracked 
| 107|0x0000000088900000, 0x0000000088900000, 0x0000000088a00000|  0%| F|  |TAMS 0x0000000088900000, 0x0000000088900000| Untracked 
| 108|0x0000000088a00000, 0x0000000088a00000, 0x0000000088b00000|  0%| F|  |TAMS 0x0000000088a00000, 0x0000000088a00000| Untracked 
| 109|0x0000000088b00000, 0x0000000088b00000, 0x0000000088c00000|  0%| F|  |TAMS 0x0000000088b00000, 0x0000000088b00000| Untracked 
| 110|0x0000000088c00000, 0x0000000088c00000, 0x0000000088d00000|  0%| F|  |TAMS 0x0000000088c00000, 0x0000000088c00000| Untracked 
| 111|0x0000000088d00000, 0x0000000088d00000, 0x0000000088e00000|  0%| F|  |TAMS 0x0000000088d00000, 0x0000000088d00000| Untracked 
| 112|0x0000000088e00000, 0x0000000088e00000, 0x0000000088f00000|  0%| F|  |TAMS 0x0000000088e00000, 0x0000000088e00000| Untracked 
| 113|0x0000000088f00000, 0x0000000088f00000, 0x0000000089000000|  0%| F|  |TAMS 0x0000000088f00000, 0x0000000088f00000| Untracked 
| 114|0x0000000089000000, 0x0000000089000000, 0x0000000089100000|  0%| F|  |TAMS 0x0000000089000000, 0x0000000089000000| Untracked 
| 115|0x0000000089100000, 0x0000000089100000, 0x0000000089200000|  0%| F|  |TAMS 0x0000000089100000, 0x0000000089100000| Untracked 
| 116|0x0000000089200000, 0x0000000089200000, 0x0000000089300000|  0%| F|  |TAMS 0x0000000089200000, 0x0000000089200000| Untracked 
| 117|0x0000000089300000, 0x0000000089300000, 0x0000000089400000|  0%| F|  |TAMS 0x0000000089300000, 0x0000000089300000| Untracked 
| 118|0x0000000089400000, 0x0000000089400000, 0x0000000089500000|  0%| F|  |TAMS 0x0000000089400000, 0x0000000089400000| Untracked 
| 119|0x0000000089500000, 0x0000000089500000, 0x0000000089600000|  0%| F|  |TAMS 0x0000000089500000, 0x0000000089500000| Untracked 
| 120|0x0000000089600000, 0x0000000089600000, 0x0000000089700000|  0%| F|  |TAMS 0x0000000089600000, 0x0000000089600000| Untracked 
| 121|0x0000000089700000, 0x0000000089700000, 0x0000000089800000|  0%| F|  |TAMS 0x0000000089700000, 0x0000000089700000| Untracked 
| 122|0x0000000089800000, 0x0000000089800000, 0x0000000089900000|  0%| F|  |TAMS 0x0000000089800000, 0x0000000089800000| Untracked 
| 123|0x0000000089900000, 0x0000000089900000, 0x0000000089a00000|  0%| F|  |TAMS 0x0000000089900000, 0x0000000089900000| Untracked 
| 124|0x0000000089a00000, 0x0000000089a00000, 0x0000000089b00000|  0%| F|  |TAMS 0x0000000089a00000, 0x0000000089a00000| Untracked 
| 125|0x0000000089b00000, 0x0000000089b00000, 0x0000000089c00000|  0%| F|  |TAMS 0x0000000089b00000, 0x0000000089b00000| Untracked 
| 126|0x0000000089c00000, 0x0000000089c76638, 0x0000000089d00000| 46%| E|  |TAMS 0x0000000089c00000, 0x0000000089c00000| Complete 
| 127|0x0000000089d00000, 0x0000000089e00000, 0x0000000089e00000|100%| E|CS|TAMS 0x0000000089d00000, 0x0000000089d00000| Complete 

Card table byte_map: [0x000001dfb8a90000,0x000001dfb8e90000] _byte_map_base: 0x000001dfb8681000

Marking Bits (Prev, Next): (CMBitMap*) 0x000001dfa5995a20, (CMBitMap*) 0x000001dfa5995a60
 Prev Bits: [0x000001dfb9290000, 0x000001dfbb218000)
 Next Bits: [0x000001dfbb220000, 0x000001dfbd1a8000)

Polling page: 0x000001dfa37f0000

Metaspace:

Usage:
  Non-class:      4.66 MB capacity,     4.62 MB (>99%) used,    34.03 KB ( <1%) free+waste,     1.19 KB ( <1%) overhead. 
      Class:    464.00 KB capacity,   440.89 KB ( 95%) used,    22.42 KB (  5%) free+waste,   704 bytes ( <1%) overhead. 
       Both:      5.11 MB capacity,     5.05 MB ( 99%) used,    56.45 KB (  1%) free+waste,     1.88 KB ( <1%) overhead. 

Virtual space:
  Non-class space:        8.00 MB reserved,       4.75 MB ( 59%) committed 
      Class space:        1.00 GB reserved,     512.00 KB ( <1%) committed 
             Both:        1.01 GB reserved,       5.25 MB ( <1%) committed 

Chunk freelists:
   Non-Class:  32.00 KB
       Class:  16.00 KB
        Both:  48.00 KB

MaxMetaspaceSize: 17179869184.00 GB
CompressedClassSpaceSize: 1.00 GB

CodeHeap 'non-profiled nmethods': size=120000Kb used=22Kb max_used=22Kb free=119977Kb
 bounds [0x000001dfb0e30000, 0x000001dfb10a0000, 0x000001dfb8360000]
CodeHeap 'profiled nmethods': size=120000Kb used=137Kb max_used=137Kb free=119862Kb
 bounds [0x000001dfa9900000, 0x000001dfa9b70000, 0x000001dfb0e30000]
CodeHeap 'non-nmethods': size=5760Kb used=1072Kb max_used=1084Kb free=4687Kb
 bounds [0x000001dfa9360000, 0x000001dfa95d0000, 0x000001dfa9900000]
 total_blobs=413 nmethods=112 adapters=214
 compilation: enabled
              stopped_count=0, restarted_count=0
 full_count=0

Compilation events (20 events):
Event: 0.088 Thread 0x000001dfc04b1cd0  103       3       sun.nio.fs.WindowsPathParser::isInvalidPathChar (22 bytes)
Event: 0.088 Thread 0x000001dfc04b1cd0 nmethod 103 0x000001dfa991e990 code [0x000001dfa991eb60, 0x000001dfa991ee88]
Event: 0.089 Thread 0x000001dfc04b1cd0  104       1       java.util.zip.Inflater$InflaterZStreamRef::address (5 bytes)
Event: 0.089 Thread 0x000001dfc04b1cd0 nmethod 104 0x000001dfb0e35610 code [0x000001dfb0e357a0, 0x000001dfb0e35858]
Event: 0.113 Thread 0x000001dfc04b1cd0  105       3       java.lang.StringUTF16::length (5 bytes)
Event: 0.113 Thread 0x000001dfc04b1cd0 nmethod 105 0x000001dfa991ef90 code [0x000001dfa991f120, 0x000001dfa991f218]
Event: 0.113 Thread 0x000001dfc04b1cd0  107       3       java.lang.CharacterDataLatin1::toLowerCase (39 bytes)
Event: 0.113 Thread 0x000001dfc04b1cd0 nmethod 107 0x000001dfa991f310 code [0x000001dfa991f4c0, 0x000001dfa991f6f8]
Event: 0.113 Thread 0x000001dfc04b1cd0  106       3       java.lang.String::isEmpty (14 bytes)
Event: 0.113 Thread 0x000001dfc04b1cd0 nmethod 106 0x000001dfa991f810 code [0x000001dfa991f9a0, 0x000001dfa991faf8]
Event: 0.113 Thread 0x000001dfc04b1cd0  108       3       java.lang.StringBuilder::append (8 bytes)
Event: 0.114 Thread 0x000001dfc04b1cd0 nmethod 108 0x000001dfa991fb90 code [0x000001dfa991fd40, 0x000001dfa991fe88]
Event: 0.114 Thread 0x000001dfc04b1cd0  109       3       java.lang.AbstractStringBuilder::append (45 bytes)
Event: 0.114 Thread 0x000001dfc04b1cd0 nmethod 109 0x000001dfa991ff10 code [0x000001dfa9920120, 0x000001dfa9920638]
Event: 0.114 Thread 0x000001dfc04b1cd0  110       3       java.lang.StringLatin1::lastIndexOf (40 bytes)
Event: 0.114 Thread 0x000001dfc04b1cd0 nmethod 110 0x000001dfa9920890 code [0x000001dfa9920a60, 0x000001dfa9920e18]
Event: 0.114 Thread 0x000001dfc04b1cd0  111       3       java.lang.StringLatin1::newString (24 bytes)
Event: 0.115 Thread 0x000001dfc04b1cd0 nmethod 111 0x000001dfa9920f90 code [0x000001dfa9921140, 0x000001dfa9921428]
Event: 0.115 Thread 0x000001dfc04b1cd0  112       3       java.util.concurrent.ConcurrentHashMap::get (162 bytes)
Event: 0.115 Thread 0x000001dfc04b1cd0 nmethod 112 0x000001dfa9921590 code [0x000001dfa99217c0, 0x000001dfa9922228]

GC Heap History (0 events):
No events

Deoptimization events (0 events):
No events

Classes unloaded (0 events):
No events

Classes redefined (0 events):
No events

Internal exceptions (0 events):
No events

Events (20 events):
Event: 0.112 loading class java/util/regex/Matcher
Event: 0.112 loading class java/util/regex/MatchResult
Event: 0.112 loading class java/util/regex/MatchResult done
Event: 0.112 loading class java/util/regex/Matcher done
Event: 0.112 loading class java/util/regex/IntHashSet
Event: 0.112 loading class java/util/regex/IntHashSet done
Event: 0.112 loading class java/util/TreeMap$Entry
Event: 0.112 loading class java/util/TreeMap$Entry done
Event: 0.112 loading class java/util/TreeMap$KeySet
Event: 0.113 loading class java/util/TreeMap$KeySet done
Event: 0.113 loading class java/util/TreeMap$KeyIterator
Event: 0.113 loading class java/util/TreeMap$PrivateEntryIterator
Event: 0.113 loading class java/util/TreeMap$PrivateEntryIterator done
Event: 0.113 loading class java/util/TreeMap$KeyIterator done
Event: 0.114 loading class java/lang/InterruptedException
Event: 0.114 loading class java/lang/InterruptedException done
Event: 0.114 loading class java/lang/NoSuchMethodException
Event: 0.114 loading class java/lang/NoSuchMethodException done
Event: 0.114 loading class java/lang/SecurityException
Event: 0.114 loading class java/lang/SecurityException done


Dynamic libraries:
0x00007ff665350000 - 0x00007ff66535d000 	C:\Users\KB\.p2\pool\plugins\org.eclipse.justj.openjdk.hotspot.jre.full.win32.x86_64_15.0.1.v20201027-0507\jre\bin\javaw.exe
0x00007ff9398c0000 - 0x00007ff939ab0000 	C:\Windows\SYSTEM32\ntdll.dll
0x00007ff9396f0000 - 0x00007ff9397a2000 	C:\Windows\System32\KERNEL32.DLL
0x00007ff9376c0000 - 0x00007ff937965000 	C:\Windows\System32\KERNELBASE.dll
0x00007ff9375c0000 - 0x00007ff9376ba000 	C:\Windows\System32\ucrtbase.dll
0x00007ff921bc0000 - 0x00007ff921bd8000 	C:\Users\KB\.p2\pool\plugins\org.eclipse.justj.openjdk.hotspot.jre.full.win32.x86_64_15.0.1.v20201027-0507\jre\bin\jli.dll
0x00007ff91b000000 - 0x00007ff91b019000 	C:\Users\KB\.p2\pool\plugins\org.eclipse.justj.openjdk.hotspot.jre.full.win32.x86_64_15.0.1.v20201027-0507\jre\bin\VCRUNTIME140.dll
0x00007ff939550000 - 0x00007ff9396e4000 	C:\Windows\System32\USER32.dll
0x00007ff936910000 - 0x00007ff936931000 	C:\Windows\System32\win32u.dll
0x00007ff921640000 - 0x00007ff9218c4000 	C:\Windows\WinSxS\amd64_microsoft.windows.common-controls_6595b64144ccf1df_6.0.18362.1316_none_9e7a364fe461dbd7\COMCTL32.dll
0x00007ff937a70000 - 0x00007ff937a96000 	C:\Windows\System32\GDI32.dll
0x00007ff937970000 - 0x00007ff937a0e000 	C:\Windows\System32\msvcrt.dll
0x00007ff9369e0000 - 0x00007ff936b78000 	C:\Windows\System32\gdi32full.dll
0x00007ff936940000 - 0x00007ff9369de000 	C:\Windows\System32\msvcp_win.dll
0x00007ff9388f0000 - 0x00007ff938c27000 	C:\Windows\System32\combase.dll
0x00007ff938e50000 - 0x00007ff938f6f000 	C:\Windows\System32\RPCRT4.dll
0x00007ff936bb0000 - 0x00007ff936c31000 	C:\Windows\System32\bcryptPrimitives.dll
0x00007ff939230000 - 0x00007ff93925e000 	C:\Windows\System32\IMM32.DLL
0x00007ff921930000 - 0x00007ff92193c000 	C:\Users\KB\.p2\pool\plugins\org.eclipse.justj.openjdk.hotspot.jre.full.win32.x86_64_15.0.1.v20201027-0507\jre\bin\vcruntime140_1.dll
0x00007ff90f530000 - 0x00007ff90f5c1000 	C:\Users\KB\.p2\pool\plugins\org.eclipse.justj.openjdk.hotspot.jre.full.win32.x86_64_15.0.1.v20201027-0507\jre\bin\msvcp140.dll
0x00007ff8f3da0000 - 0x00007ff8f48fe000 	C:\Users\KB\.p2\pool\plugins\org.eclipse.justj.openjdk.hotspot.jre.full.win32.x86_64_15.0.1.v20201027-0507\jre\bin\server\jvm.dll
0x00007ff937c30000 - 0x00007ff937cd3000 	C:\Windows\System32\ADVAPI32.dll
0x00007ff938840000 - 0x00007ff9388d7000 	C:\Windows\System32\sechost.dll
0x00007ff939540000 - 0x00007ff939548000 	C:\Windows\System32\PSAPI.DLL
0x00007ff9330b0000 - 0x00007ff9330b9000 	C:\Windows\SYSTEM32\WSOCK32.dll
0x00007ff934280000 - 0x00007ff9342a4000 	C:\Windows\SYSTEM32\WINMM.dll
0x00007ff9320b0000 - 0x00007ff9320ba000 	C:\Windows\SYSTEM32\VERSION.dll
0x00007ff938c90000 - 0x00007ff938cff000 	C:\Windows\System32\WS2_32.dll
0x00007ff934250000 - 0x00007ff93427d000 	C:\Windows\SYSTEM32\WINMMBASE.dll
0x00007ff936df0000 - 0x00007ff936e3a000 	C:\Windows\System32\cfgmgr32.dll
0x00007ff936820000 - 0x00007ff936831000 	C:\Windows\System32\kernel.appcore.dll
0x00007ff926080000 - 0x00007ff92608a000 	C:\Users\KB\.p2\pool\plugins\org.eclipse.justj.openjdk.hotspot.jre.full.win32.x86_64_15.0.1.v20201027-0507\jre\bin\jimage.dll
0x00007ff928c40000 - 0x00007ff928e34000 	C:\Windows\SYSTEM32\DBGHELP.DLL
0x00007ff9270c0000 - 0x00007ff9270ea000 	C:\Windows\SYSTEM32\dbgcore.DLL
0x00007ff926050000 - 0x00007ff926075000 	C:\Users\KB\.p2\pool\plugins\org.eclipse.justj.openjdk.hotspot.jre.full.win32.x86_64_15.0.1.v20201027-0507\jre\bin\java.dll
0x00007ff926030000 - 0x00007ff926048000 	C:\Users\KB\.p2\pool\plugins\org.eclipse.justj.openjdk.hotspot.jre.full.win32.x86_64_15.0.1.v20201027-0507\jre\bin\zip.dll
0x00007ff938150000 - 0x00007ff938838000 	C:\Windows\System32\SHELL32.dll
0x00007ff939330000 - 0x00007ff9393d7000 	C:\Windows\System32\shcore.dll
0x00007ff936e40000 - 0x00007ff9375bb000 	C:\Windows\System32\windows.storage.dll
0x00007ff936780000 - 0x00007ff9367a3000 	C:\Windows\System32\profapi.dll
0x00007ff9367b0000 - 0x00007ff9367fa000 	C:\Windows\System32\powrprof.dll
0x00007ff936770000 - 0x00007ff936780000 	C:\Windows\System32\UMPDC.dll
0x00007ff9391d0000 - 0x00007ff939222000 	C:\Windows\System32\shlwapi.dll
0x00007ff9368f0000 - 0x00007ff936907000 	C:\Windows\System32\cryptsp.dll
0x00007ff926010000 - 0x00007ff926029000 	C:\Users\KB\.p2\pool\plugins\org.eclipse.justj.openjdk.hotspot.jre.full.win32.x86_64_15.0.1.v20201027-0507\jre\bin\net.dll
0x00007ff92f360000 - 0x00007ff92f450000 	C:\Windows\SYSTEM32\WINHTTP.dll
0x00007ff935f50000 - 0x00007ff935fb7000 	C:\Windows\system32\mswsock.dll
0x00007ff925ff0000 - 0x00007ff926002000 	C:\Users\KB\.p2\pool\plugins\org.eclipse.justj.openjdk.hotspot.jre.full.win32.x86_64_15.0.1.v20201027-0507\jre\bin\nio.dll
0x00007ff925fe0000 - 0x00007ff925ff0000 	C:\Users\KB\.p2\pool\plugins\org.eclipse.justj.openjdk.hotspot.jre.full.win32.x86_64_15.0.1.v20201027-0507\jre\bin\verify.dll
0x0000000071100000 - 0x0000000071125000 	C:\Users\KB\.jssc\windows\jSSC-2.8_x86_64.dll

dbghelp: loaded successfully - version: 4.0.5 - missing functions: none
symbol engine: initialized successfully - sym options: 0x614 - pdb path: .;C:\Users\KB\.p2\pool\plugins\org.eclipse.justj.openjdk.hotspot.jre.full.win32.x86_64_15.0.1.v20201027-0507\jre\bin;C:\Windows\SYSTEM32;C:\Windows\WinSxS\amd64_microsoft.windows.common-controls_6595b64144ccf1df_6.0.18362.1316_none_9e7a364fe461dbd7;C:\Users\KB\.p2\pool\plugins\org.eclipse.justj.openjdk.hotspot.jre.full.win32.x86_64_15.0.1.v20201027-0507\jre\bin\server;C:\Users\KB\.jssc\windows

VM Arguments:
jvm_args: -Dfile.encoding=UTF-8 -XX:+ShowCodeDetailsInExceptionMessages 
java_command: serial_20210210.MySerial
java_class_path (initial): C:\Users\KB\Desktop\SW_Lesson\java\Java_Work\serial_20210210\bin;C:\Users\KB\Desktop\SW_Lesson\java\Java_Work\serial_20210210\lib\jssc.jar
Launcher Type: SUN_STANDARD

[Global flags]
     intx CICompilerCount                          = 4                                         {product} {ergonomic}
     uint ConcGCThreads                            = 2                                         {product} {ergonomic}
     uint G1ConcRefinementThreads                  = 8                                         {product} {ergonomic}
   size_t G1HeapRegionSize                         = 1048576                                   {product} {ergonomic}
    uintx GCDrainStackTargetSize                   = 64                                        {product} {ergonomic}
   size_t InitialHeapSize                          = 134217728                                 {product} {ergonomic}
   size_t MarkStackSize                            = 4194304                                   {product} {ergonomic}
   size_t MaxHeapSize                              = 2116026368                                {product} {ergonomic}
   size_t MaxNewSize                               = 1268776960                                {product} {ergonomic}
   size_t MinHeapDeltaBytes                        = 1048576                                   {product} {ergonomic}
   size_t MinHeapSize                              = 8388608                                   {product} {ergonomic}
    uintx NonNMethodCodeHeapSize                   = 5839372                                {pd product} {ergonomic}
    uintx NonProfiledCodeHeapSize                  = 122909434                              {pd product} {ergonomic}
    uintx ProfiledCodeHeapSize                     = 122909434                              {pd product} {ergonomic}
    uintx ReservedCodeCacheSize                    = 251658240                              {pd product} {ergonomic}
     bool SegmentedCodeCache                       = true                                      {product} {ergonomic}
     bool ShowCodeDetailsInExceptionMessages       = true                                   {manageable} {command line}
   size_t SoftMaxHeapSize                          = 2116026368                             {manageable} {ergonomic}
     bool UseCompressedClassPointers               = true                                 {lp64_product} {ergonomic}
     bool UseCompressedOops                        = true                                 {lp64_product} {ergonomic}
     bool UseG1GC                                  = true                                      {product} {ergonomic}
     bool UseLargePagesIndividualAllocation        = false                                  {pd product} {ergonomic}

Logging:
Log output configuration:
 #0: stdout all=warning uptime,level,tags
 #1: stderr all=off uptime,level,tags

Environment Variables:
PATH=C:/Users/KB/.p2/pool/plugins/org.eclipse.justj.openjdk.hotspot.jre.full.win32.x86_64_15.0.1.v20201027-0507/jre/bin/server;C:/Users/KB/.p2/pool/plugins/org.eclipse.justj.openjdk.hotspot.jre.full.win32.x86_64_15.0.1.v20201027-0507/jre/bin;C:\Program Files (x86)\Common Files\Oracle\Java\javapath;C:\Windows\system32;C:\Windows;C:\Windows\System32\Wbem;C:\Windows\System32\WindowsPowerShell\v1.0\;C:\Windows\System32\OpenSSH\;c:\Program Files (x86)\Microsoft SQL Server\100\Tools\Binn\;c:\Program Files\Microsoft SQL Server\100\Tools\Binn\;c:\Program Files\Microsoft SQL Server\100\DTS\Binn\;C:\Program Files\dotnet\;C:\Program Files\Git\cmd;C:\Program Files\Microsoft SQL Server\130\Tools\Binn\;C:\Program Files\Microsoft SQL Server\Client SDK\ODBC\170\Tools\Binn\;C:\Program Files\MySQL\MySQL Shell 8.0\bin\;C:\Users\KB\AppData\Local\Microsoft\WindowsApps;C:\Program Files\Bandizip\7z;C:\Users\KB\AppData\Local\Programs\Microsoft VS Code\bin;C:\Users\KB\.dotnet\tools;C:\Users\KB\AppData\Local\GitHubDesktop\bin;C:\Windows\System32;
USERNAME=KB
OS=Windows_NT
PROCESSOR_IDENTIFIER=Intel64 Family 6 Model 158 Stepping 13, GenuineIntel



---------------  S Y S T E M  ---------------

OS:
 Windows 10 , 64 bit Build 18362 (10.0.18362.1316)
OS uptime: 12 days 21:54 hours

CPU: total 8 (initial active 8) (8 cores per cpu, 1 threads per core) family 6 model 158 stepping 13 microcode 0xb0, cmov, cx8, fxsr, mmx, sse, sse2, sse3, ssse3, sse4.1, sse4.2, popcnt, vzeroupper, avx, avx2, aes, clmul, erms, rtm, 3dnowpref, lzcnt, tsc, tscinvbit, bmi1, bmi2, adx, fma, clflush, clflushopt

Memory: 4k page, system-wide physical 8065M (3588M free)
TotalPageFile size 9711M (AvailPageFile size 2979M)
current process WorkingSet (physical memory assigned to process): 31M, peak: 31M
current process commit charge ("private bytes"): 204M, peak: 204M

vm_info: OpenJDK 64-Bit Server VM (15.0.1+9-18) for windows-amd64 JRE (15.0.1+9-18), built on Sep 15 2020 14:39:31 by "mach5one" with unknown MS VC++:1925

END.
