#
# A fatal error has been detected by the Java Runtime Environment:
#
#  EXCEPTION_ACCESS_VIOLATION (0xc0000005) at pc=0x000000006ec4b5bb, pid=19648, tid=15060
#
# JRE version: OpenJDK Runtime Environment (15.0.1+9) (build 15.0.1+9-18)
# Java VM: OpenJDK 64-Bit Server VM (15.0.1+9-18, mixed mode, tiered, compressed oops, g1 gc, windows-amd64)
# Problematic frame:
# C  [jSSC-2.7_x86_64.dll+0xb5bb]
#
# No core dump will be written. Minidumps are not enabled by default on client versions of Windows
#
# If you would like to submit a bug report, please visit:
#   https://bugreport.java.com/bugreport/crash.jsp
# The crash happened outside the Java Virtual Machine in native code.
# See problematic frame for where to report the bug.
#

---------------  S U M M A R Y ------------

Command Line: -Dfile.encoding=UTF-8 -XX:+ShowCodeDetailsInExceptionMessages serial_20210210.MySerial

Host: Intel(R) Core(TM) i7-9700 CPU @ 3.00GHz, 8 cores, 7G,  Windows 10 , 64 bit Build 18362 (10.0.18362.1316)
Time: Wed Feb 10 11:29:15 2021 ¢¥eCN©öI¡¾©ö C¡ÍA¨ª¨öA elapsed time: 0.107305 seconds (0d 0h 0m 0s)

---------------  T H R E A D  ---------------

Current thread (0x000001bfdad81b10):  JavaThread "main" [_thread_in_native, id=15060, stack(0x000000470b200000,0x000000470b300000)]

Stack: [0x000000470b200000,0x000000470b300000],  sp=0x000000470b2fef50,  free space=1019k
Native frames: (J=compiled Java code, j=interpreted, Vv=VM code, C=native code)
C  [jSSC-2.7_x86_64.dll+0xb5bb]

Java frames: (J=compiled Java code, j=interpreted, Vv=VM code)
j  jssc.SerialNativeInterface.openPort(Ljava/lang/String;Z)J+0
j  jssc.SerialPort.openPort()Z+65
j  serial_20210210.MySerial.main([Ljava/lang/String;)V+54
v  ~StubRoutines::call_stub

siginfo: EXCEPTION_ACCESS_VIOLATION (0xc0000005), reading address 0xffffffffd8c51bbf


Register to memory mapping:

RIP=0x000000006ec4b5bb jSSC-2.7_x86_64.dll
RAX=0xffffffffd8c51bbf is an unknown value
RBX=0x000000470b2fefc0 is pointing into the stack for thread: 0x000001bfdad81b10
RCX=0x00007ff93995c8d4 ntdll.dll
RDX=0x0 is NULL
RSP=0x000000470b2fef50 is pointing into the stack for thread: 0x000001bfdad81b10
RBP=0x000000470b2ff0d0 is pointing into the stack for thread: 0x000001bfdad81b10
RSI=0x000001bfdad81e38 points into unknown readable memory: 0x00007ff8f479de40 | 40 de 79 f4 f8 7f 00 00
RDI=0x0000000000000464 is an unknown value
R8 =0x000000470b2fee48 is pointing into the stack for thread: 0x000001bfdad81b10
R9 =0x000000470b2fef40 is pointing into the stack for thread: 0x000001bfdad81b10
R10=0x0 is NULL
R11=0x0000000000000246 is an unknown value
R12=0x000000470b2ff188 is pointing into the stack for thread: 0x000001bfdad81b10
R13=0x000001bff5a338b0 points into unknown readable memory: 0x00000000354d4f43 | 43 4f 4d 35 00 00 00 00
R14=0x000000470b2ff080 is pointing into the stack for thread: 0x000001bfdad81b10
R15=0x000001bfdad81b10 is a thread


Registers:
RAX=0xffffffffd8c51bbf, RBX=0x000000470b2fefc0, RCX=0x00007ff93995c8d4, RDX=0x0000000000000000
RSP=0x000000470b2fef50, RBP=0x000000470b2ff0d0, RSI=0x000001bfdad81e38, RDI=0x0000000000000464
R8 =0x000000470b2fee48, R9 =0x000000470b2fef40, R10=0x0000000000000000, R11=0x0000000000000246
R12=0x000000470b2ff188, R13=0x000001bff5a338b0, R14=0x000000470b2ff080, R15=0x000001bfdad81b10
RIP=0x000000006ec4b5bb, EFLAGS=0x0000000000010202

Top of Stack: (sp=0x000000470b2fef50)
0x000000470b2fef50:   000001bff4fea680 00000026399006e1
0x000000470b2fef60:   000000006ec4b210 000001bff5a33600
0x000000470b2fef70:   000000470b2ff0d0 0000000000000004
0x000000470b2fef80:   000001bfdad81e38 0000000000000464
0x000000470b2fef90:   000000470b2ff0d0 000000006ec52570
0x000000470b2fefa0:   000001bfdad81b10 000000470b2ff080
0x000000470b2fefb0:   000001bff5a338b0 000000470b2ff188
0x000000470b2fefc0:   000001bff5a338b0 00007ff9399006e1
0x000000470b2fefd0:   000000470b2ff000 000001bfd8cb0000
0x000000470b2fefe0:   000000470b2ff0d0 0000000000000000
0x000000470b2feff0:   000000006ec534e0 000000006ec53bc8
0x000000470b2ff000:   000000470b2ff030 000000006ec52621
0x000000470b2ff010:   000000470b2fefa0 000001bfdad81e38
0x000000470b2ff020:   0000000000000000 0000000000000000
0x000000470b2ff030:   000000470b2ff0d0 000000006ec41575
0x000000470b2ff040:   000000000000001c 000001bf00000000 

Instructions: (pc=0x000000006ec4b5bb)
0x000000006ec4b4bb:   48 85 c0 74 bf 44 8b 03 45 85 c0 0f 84 77 ff ff
0x000000006ec4b4cb:   ff eb 9f 66 90 e8 8b fe ff ff 48 89 05 2c 34 01
0x000000006ec4b4db:   00 eb ad 66 90 e8 7b fe ff ff 48 89 05 1c 34 01
0x000000006ec4b4eb:   00 eb 8b e8 8d fe ff ff c7 03 01 00 00 00 e9 6f
0x000000006ec4b4fb:   ff ff ff 66 90 55 48 89 e5 56 53 48 83 ec 20 48
0x000000006ec4b50b:   8b 05 f7 33 01 00 48 8b 31 48 89 cb 48 85 c0 74
0x000000006ec4b51b:   56 44 8b 18 45 85 db 78 42 48 8b 05 dd 33 01 00
0x000000006ec4b52b:   48 85 c0 74 50 44 8b 10 45 85 d2 74 1d 48 89 f1
0x000000006ec4b53b:   e8 d0 fd ff ff 48 8b 13 48 8d 42 40 48 8b 48 08
0x000000006ec4b54b:   48 8b 6a 40 48 8b 60 10 ff e1 48 8b 05 bc 33 01
0x000000006ec4b55b:   00 48 85 c0 74 2d 48 89 30 eb da e8 b5 fe ff ff
0x000000006ec4b56b:   0f 1f 44 00 00 eb b2 e8 e9 fd ff ff 48 89 05 8a
0x000000006ec4b57b:   33 01 00 eb 9c e8 db fd ff ff 48 89 05 7c 33 01
0x000000006ec4b58b:   00 eb a2 e8 3d fd ff ff 48 89 05 7e 33 01 00 eb
0x000000006ec4b59b:   c5 0f 1f 40 00 55 57 56 53 48 83 ec 28 48 8b 05
0x000000006ec4b5ab:   59 33 01 00 48 89 cb 48 85 c0 0f 84 c5 00 00 00
0x000000006ec4b5bb:   8b 38 85 ff 0f 88 ab 00 00 00 48 8b 05 3c 33 01
0x000000006ec4b5cb:   00 48 85 c0 0f 84 bc 00 00 00 8b 30 85 f6 74 57
0x000000006ec4b5db:   48 8b 05 2e 33 01 00 48 85 c0 0f 84 e5 00 00 00
0x000000006ec4b5eb:   8b 28 48 8b 35 30 5e 01 00 ff d6 89 c7 89 e9 ff
0x000000006ec4b5fb:   15 14 5f 01 00 89 f9 48 89 c5 ff 15 d9 5e 01 00
0x000000006ec4b60b:   48 8b 05 fe 32 01 00 48 89 2b 48 85 c0 74 46 48
0x000000006ec4b61b:   89 da 8b 08 ff 15 f7 5e 01 00 85 c0 74 27 48 83
0x000000006ec4b62b:   c4 28 5b 5e 5f 5d c3 48 8b 05 df 32 01 00 48 85
0x000000006ec4b63b:   c0 74 64 48 8b 10 48 89 13 48 89 18 48 83 c4 28
0x000000006ec4b64b:   5b 5e 5f 5d c3 48 89 f2 48 83 c4 28 5b 5e 5f 5d
0x000000006ec4b65b:   48 ff e2 66 90 e8 8b fc ff ff 48 89 05 a4 32 01
0x000000006ec4b66b:   00 eb ac 66 90 e8 ab fd ff ff e9 4b ff ff ff 66
0x000000006ec4b67b:   0f 1f 44 00 00 e8 db fc ff ff 48 89 05 7c 32 01
0x000000006ec4b68b:   00 e9 2a ff ff ff e8 ca fc ff ff 48 89 05 6b 32
0x000000006ec4b69b:   01 00 e9 33 ff ff ff e8 29 fc ff ff 48 89 05 6a
0x000000006ec4b6ab:   32 01 00 48 8b 10 48 85 c0 48 89 13 75 8b e8 12 


Stack slot to memory mapping:
stack at sp + 0 slots: 0x000001bff4fea680 points into unknown readable memory: 0x000001bfd8be12c0 | c0 12 be d8 bf 01 00 00
stack at sp + 1 slots: 0x00000026399006e1 is an unknown value
stack at sp + 2 slots: 0x000000006ec4b210 jSSC-2.7_x86_64.dll
stack at sp + 3 slots: 0x000001bff5a33600 points into unknown readable memory: 0x000001bff4fea680 | 80 a6 fe f4 bf 01 00 00
stack at sp + 4 slots: 0x000000470b2ff0d0 is pointing into the stack for thread: 0x000001bfdad81b10
stack at sp + 5 slots: 0x0000000000000004 is an unknown value
stack at sp + 6 slots: 0x000001bfdad81e38 points into unknown readable memory: 0x00007ff8f479de40 | 40 de 79 f4 f8 7f 00 00
stack at sp + 7 slots: 0x0000000000000464 is an unknown value


---------------  P R O C E S S  ---------------

Threads class SMR info:
_java_thread_list=0x000001bff5a1afe0, length=11, elements={
0x000001bfdad81b10, 0x000001bff5057020, 0x000001bff50598f0, 0x000001bff587ab70,
0x000001bff587d440, 0x000001bff587dd00, 0x000001bff587f630, 0x000001bff58d2410,
0x000001bff58d34f0, 0x000001bff5a679c0, 0x000001bff5a58b40
}

Java Threads: ( => current thread )
=>0x000001bfdad81b10 JavaThread "main" [_thread_in_native, id=15060, stack(0x000000470b200000,0x000000470b300000)]
  0x000001bff5057020 JavaThread "Reference Handler" daemon [_thread_blocked, id=13080, stack(0x000000470b900000,0x000000470ba00000)]
  0x000001bff50598f0 JavaThread "Finalizer" daemon [_thread_blocked, id=1280, stack(0x000000470ba00000,0x000000470bb00000)]
  0x000001bff587ab70 JavaThread "Signal Dispatcher" daemon [_thread_blocked, id=19852, stack(0x000000470bb00000,0x000000470bc00000)]
  0x000001bff587d440 JavaThread "Attach Listener" daemon [_thread_blocked, id=7672, stack(0x000000470bc00000,0x000000470bd00000)]
  0x000001bff587dd00 JavaThread "Service Thread" daemon [_thread_blocked, id=19076, stack(0x000000470bd00000,0x000000470be00000)]
  0x000001bff587f630 JavaThread "C2 CompilerThread0" daemon [_thread_blocked, id=11696, stack(0x000000470be00000,0x000000470bf00000)]
  0x000001bff58d2410 JavaThread "C1 CompilerThread0" daemon [_thread_blocked, id=20628, stack(0x000000470bf00000,0x000000470c000000)]
  0x000001bff58d34f0 JavaThread "Sweeper thread" daemon [_thread_blocked, id=3624, stack(0x000000470c000000,0x000000470c100000)]
  0x000001bff5a679c0 JavaThread "Notification Thread" daemon [_thread_blocked, id=19384, stack(0x000000470c100000,0x000000470c200000)]
  0x000001bff5a58b40 JavaThread "Common-Cleaner" daemon [_thread_blocked, id=20080, stack(0x000000470c300000,0x000000470c400000)]

Other Threads:
  0x000001bff586c1a0 VMThread "VM Thread" [stack: 0x000000470b800000,0x000000470b900000] [id=11244]
  0x000001bff5a56210 WatcherThread [stack: 0x000000470c200000,0x000000470c300000] [id=6432]
  0x000001bfdadc3bc0 GCTaskThread "GC Thread#0" [stack: 0x000000470b300000,0x000000470b400000] [id=4732]
  0x000001bfdadd6110 ConcurrentGCThread "G1 Main Marker" [stack: 0x000000470b400000,0x000000470b500000] [id=18924]
  0x000001bfdadd7c20 ConcurrentGCThread "G1 Conc#0" [stack: 0x000000470b500000,0x000000470b600000] [id=18996]
  0x000001bfdae4dd00 ConcurrentGCThread "G1 Refine#0" [stack: 0x000000470b600000,0x000000470b700000] [id=12392]
  0x000001bfdae4e710 ConcurrentGCThread "G1 Young RemSet Sampling" [stack: 0x000000470b700000,0x000000470b800000] [id=20808]

Threads with active compile tasks:

VM state: not at safepoint (normal execution)

VM Mutex/Monitor currently owned by a thread: None

Heap address: 0x0000000081e00000, size: 2018 MB, Compressed Oops mode: 32-bit
CDS disabled.
Compressed class space mapped at: 0x0000000100000000-0x0000000140000000, size: 1073741824
Narrow klass base: 0x0000000000000000, Narrow klass shift: 3, Narrow klass range: 0x140000000

GC Precious Log:
 CPUs: 8 total, 8 available
 Memory: 8065M
 Large Page Support: Disabled
 NUMA Support: Disabled
 Compressed Oops: Enabled (32-bit)
 Heap Region Size: 1M
 Heap Min Capacity: 8M
 Heap Initial Capacity: 128M
 Heap Max Capacity: 2018M
 Pre-touch: Disabled
 Parallel Workers: 8
 Concurrent Workers: 2
 Concurrent Refinement Workers: 8
 Periodic GC: Disabled

Heap:
 garbage-first heap   total 131072K, used 1024K [0x0000000081e00000, 0x0000000100000000)
  region size 1024K, 2 young (2048K), 0 survivors (0K)
 Metaspace       used 4881K, capacity 4944K, committed 5120K, reserved 1056768K
  class space    used 417K, capacity 432K, committed 512K, reserved 1048576K

Heap Regions: E=young(eden), S=young(survivor), O=old, HS=humongous(starts), HC=humongous(continues), CS=collection set, F=free, OA=open archive, CA=closed archive, TAMS=top-at-mark-start (previous, next)
|   0|0x0000000081e00000, 0x0000000081e00000, 0x0000000081f00000|  0%| F|  |TAMS 0x0000000081e00000, 0x0000000081e00000| Untracked 
|   1|0x0000000081f00000, 0x0000000081f00000, 0x0000000082000000|  0%| F|  |TAMS 0x0000000081f00000, 0x0000000081f00000| Untracked 
|   2|0x0000000082000000, 0x0000000082000000, 0x0000000082100000|  0%| F|  |TAMS 0x0000000082000000, 0x0000000082000000| Untracked 
|   3|0x0000000082100000, 0x0000000082100000, 0x0000000082200000|  0%| F|  |TAMS 0x0000000082100000, 0x0000000082100000| Untracked 
|   4|0x0000000082200000, 0x0000000082200000, 0x0000000082300000|  0%| F|  |TAMS 0x0000000082200000, 0x0000000082200000| Untracked 
|   5|0x0000000082300000, 0x0000000082300000, 0x0000000082400000|  0%| F|  |TAMS 0x0000000082300000, 0x0000000082300000| Untracked 
|   6|0x0000000082400000, 0x0000000082400000, 0x0000000082500000|  0%| F|  |TAMS 0x0000000082400000, 0x0000000082400000| Untracked 
|   7|0x0000000082500000, 0x0000000082500000, 0x0000000082600000|  0%| F|  |TAMS 0x0000000082500000, 0x0000000082500000| Untracked 
|   8|0x0000000082600000, 0x0000000082600000, 0x0000000082700000|  0%| F|  |TAMS 0x0000000082600000, 0x0000000082600000| Untracked 
|   9|0x0000000082700000, 0x0000000082700000, 0x0000000082800000|  0%| F|  |TAMS 0x0000000082700000, 0x0000000082700000| Untracked 
|  10|0x0000000082800000, 0x0000000082800000, 0x0000000082900000|  0%| F|  |TAMS 0x0000000082800000, 0x0000000082800000| Untracked 
|  11|0x0000000082900000, 0x0000000082900000, 0x0000000082a00000|  0%| F|  |TAMS 0x0000000082900000, 0x0000000082900000| Untracked 
|  12|0x0000000082a00000, 0x0000000082a00000, 0x0000000082b00000|  0%| F|  |TAMS 0x0000000082a00000, 0x0000000082a00000| Untracked 
|  13|0x0000000082b00000, 0x0000000082b00000, 0x0000000082c00000|  0%| F|  |TAMS 0x0000000082b00000, 0x0000000082b00000| Untracked 
|  14|0x0000000082c00000, 0x0000000082c00000, 0x0000000082d00000|  0%| F|  |TAMS 0x0000000082c00000, 0x0000000082c00000| Untracked 
|  15|0x0000000082d00000, 0x0000000082d00000, 0x0000000082e00000|  0%| F|  |TAMS 0x0000000082d00000, 0x0000000082d00000| Untracked 
|  16|0x0000000082e00000, 0x0000000082e00000, 0x0000000082f00000|  0%| F|  |TAMS 0x0000000082e00000, 0x0000000082e00000| Untracked 
|  17|0x0000000082f00000, 0x0000000082f00000, 0x0000000083000000|  0%| F|  |TAMS 0x0000000082f00000, 0x0000000082f00000| Untracked 
|  18|0x0000000083000000, 0x0000000083000000, 0x0000000083100000|  0%| F|  |TAMS 0x0000000083000000, 0x0000000083000000| Untracked 
|  19|0x0000000083100000, 0x0000000083100000, 0x0000000083200000|  0%| F|  |TAMS 0x0000000083100000, 0x0000000083100000| Untracked 
|  20|0x0000000083200000, 0x0000000083200000, 0x0000000083300000|  0%| F|  |TAMS 0x0000000083200000, 0x0000000083200000| Untracked 
|  21|0x0000000083300000, 0x0000000083300000, 0x0000000083400000|  0%| F|  |TAMS 0x0000000083300000, 0x0000000083300000| Untracked 
|  22|0x0000000083400000, 0x0000000083400000, 0x0000000083500000|  0%| F|  |TAMS 0x0000000083400000, 0x0000000083400000| Untracked 
|  23|0x0000000083500000, 0x0000000083500000, 0x0000000083600000|  0%| F|  |TAMS 0x0000000083500000, 0x0000000083500000| Untracked 
|  24|0x0000000083600000, 0x0000000083600000, 0x0000000083700000|  0%| F|  |TAMS 0x0000000083600000, 0x0000000083600000| Untracked 
|  25|0x0000000083700000, 0x0000000083700000, 0x0000000083800000|  0%| F|  |TAMS 0x0000000083700000, 0x0000000083700000| Untracked 
|  26|0x0000000083800000, 0x0000000083800000, 0x0000000083900000|  0%| F|  |TAMS 0x0000000083800000, 0x0000000083800000| Untracked 
|  27|0x0000000083900000, 0x0000000083900000, 0x0000000083a00000|  0%| F|  |TAMS 0x0000000083900000, 0x0000000083900000| Untracked 
|  28|0x0000000083a00000, 0x0000000083a00000, 0x0000000083b00000|  0%| F|  |TAMS 0x0000000083a00000, 0x0000000083a00000| Untracked 
|  29|0x0000000083b00000, 0x0000000083b00000, 0x0000000083c00000|  0%| F|  |TAMS 0x0000000083b00000, 0x0000000083b00000| Untracked 
|  30|0x0000000083c00000, 0x0000000083c00000, 0x0000000083d00000|  0%| F|  |TAMS 0x0000000083c00000, 0x0000000083c00000| Untracked 
|  31|0x0000000083d00000, 0x0000000083d00000, 0x0000000083e00000|  0%| F|  |TAMS 0x0000000083d00000, 0x0000000083d00000| Untracked 
|  32|0x0000000083e00000, 0x0000000083e00000, 0x0000000083f00000|  0%| F|  |TAMS 0x0000000083e00000, 0x0000000083e00000| Untracked 
|  33|0x0000000083f00000, 0x0000000083f00000, 0x0000000084000000|  0%| F|  |TAMS 0x0000000083f00000, 0x0000000083f00000| Untracked 
|  34|0x0000000084000000, 0x0000000084000000, 0x0000000084100000|  0%| F|  |TAMS 0x0000000084000000, 0x0000000084000000| Untracked 
|  35|0x0000000084100000, 0x0000000084100000, 0x0000000084200000|  0%| F|  |TAMS 0x0000000084100000, 0x0000000084100000| Untracked 
|  36|0x0000000084200000, 0x0000000084200000, 0x0000000084300000|  0%| F|  |TAMS 0x0000000084200000, 0x0000000084200000| Untracked 
|  37|0x0000000084300000, 0x0000000084300000, 0x0000000084400000|  0%| F|  |TAMS 0x0000000084300000, 0x0000000084300000| Untracked 
|  38|0x0000000084400000, 0x0000000084400000, 0x0000000084500000|  0%| F|  |TAMS 0x0000000084400000, 0x0000000084400000| Untracked 
|  39|0x0000000084500000, 0x0000000084500000, 0x0000000084600000|  0%| F|  |TAMS 0x0000000084500000, 0x0000000084500000| Untracked 
|  40|0x0000000084600000, 0x0000000084600000, 0x0000000084700000|  0%| F|  |TAMS 0x0000000084600000, 0x0000000084600000| Untracked 
|  41|0x0000000084700000, 0x0000000084700000, 0x0000000084800000|  0%| F|  |TAMS 0x0000000084700000, 0x0000000084700000| Untracked 
|  42|0x0000000084800000, 0x0000000084800000, 0x0000000084900000|  0%| F|  |TAMS 0x0000000084800000, 0x0000000084800000| Untracked 
|  43|0x0000000084900000, 0x0000000084900000, 0x0000000084a00000|  0%| F|  |TAMS 0x0000000084900000, 0x0000000084900000| Untracked 
|  44|0x0000000084a00000, 0x0000000084a00000, 0x0000000084b00000|  0%| F|  |TAMS 0x0000000084a00000, 0x0000000084a00000| Untracked 
|  45|0x0000000084b00000, 0x0000000084b00000, 0x0000000084c00000|  0%| F|  |TAMS 0x0000000084b00000, 0x0000000084b00000| Untracked 
|  46|0x0000000084c00000, 0x0000000084c00000, 0x0000000084d00000|  0%| F|  |TAMS 0x0000000084c00000, 0x0000000084c00000| Untracked 
|  47|0x0000000084d00000, 0x0000000084d00000, 0x0000000084e00000|  0%| F|  |TAMS 0x0000000084d00000, 0x0000000084d00000| Untracked 
|  48|0x0000000084e00000, 0x0000000084e00000, 0x0000000084f00000|  0%| F|  |TAMS 0x0000000084e00000, 0x0000000084e00000| Untracked 
|  49|0x0000000084f00000, 0x0000000084f00000, 0x0000000085000000|  0%| F|  |TAMS 0x0000000084f00000, 0x0000000084f00000| Untracked 
|  50|0x0000000085000000, 0x0000000085000000, 0x0000000085100000|  0%| F|  |TAMS 0x0000000085000000, 0x0000000085000000| Untracked 
|  51|0x0000000085100000, 0x0000000085100000, 0x0000000085200000|  0%| F|  |TAMS 0x0000000085100000, 0x0000000085100000| Untracked 
|  52|0x0000000085200000, 0x0000000085200000, 0x0000000085300000|  0%| F|  |TAMS 0x0000000085200000, 0x0000000085200000| Untracked 
|  53|0x0000000085300000, 0x0000000085300000, 0x0000000085400000|  0%| F|  |TAMS 0x0000000085300000, 0x0000000085300000| Untracked 
|  54|0x0000000085400000, 0x0000000085400000, 0x0000000085500000|  0%| F|  |TAMS 0x0000000085400000, 0x0000000085400000| Untracked 
|  55|0x0000000085500000, 0x0000000085500000, 0x0000000085600000|  0%| F|  |TAMS 0x0000000085500000, 0x0000000085500000| Untracked 
|  56|0x0000000085600000, 0x0000000085600000, 0x0000000085700000|  0%| F|  |TAMS 0x0000000085600000, 0x0000000085600000| Untracked 
|  57|0x0000000085700000, 0x0000000085700000, 0x0000000085800000|  0%| F|  |TAMS 0x0000000085700000, 0x0000000085700000| Untracked 
|  58|0x0000000085800000, 0x0000000085800000, 0x0000000085900000|  0%| F|  |TAMS 0x0000000085800000, 0x0000000085800000| Untracked 
|  59|0x0000000085900000, 0x0000000085900000, 0x0000000085a00000|  0%| F|  |TAMS 0x0000000085900000, 0x0000000085900000| Untracked 
|  60|0x0000000085a00000, 0x0000000085a00000, 0x0000000085b00000|  0%| F|  |TAMS 0x0000000085a00000, 0x0000000085a00000| Untracked 
|  61|0x0000000085b00000, 0x0000000085b00000, 0x0000000085c00000|  0%| F|  |TAMS 0x0000000085b00000, 0x0000000085b00000| Untracked 
|  62|0x0000000085c00000, 0x0000000085c00000, 0x0000000085d00000|  0%| F|  |TAMS 0x0000000085c00000, 0x0000000085c00000| Untracked 
|  63|0x0000000085d00000, 0x0000000085d00000, 0x0000000085e00000|  0%| F|  |TAMS 0x0000000085d00000, 0x0000000085d00000| Untracked 
|  64|0x0000000085e00000, 0x0000000085e00000, 0x0000000085f00000|  0%| F|  |TAMS 0x0000000085e00000, 0x0000000085e00000| Untracked 
|  65|0x0000000085f00000, 0x0000000085f00000, 0x0000000086000000|  0%| F|  |TAMS 0x0000000085f00000, 0x0000000085f00000| Untracked 
|  66|0x0000000086000000, 0x0000000086000000, 0x0000000086100000|  0%| F|  |TAMS 0x0000000086000000, 0x0000000086000000| Untracked 
|  67|0x0000000086100000, 0x0000000086100000, 0x0000000086200000|  0%| F|  |TAMS 0x0000000086100000, 0x0000000086100000| Untracked 
|  68|0x0000000086200000, 0x0000000086200000, 0x0000000086300000|  0%| F|  |TAMS 0x0000000086200000, 0x0000000086200000| Untracked 
|  69|0x0000000086300000, 0x0000000086300000, 0x0000000086400000|  0%| F|  |TAMS 0x0000000086300000, 0x0000000086300000| Untracked 
|  70|0x0000000086400000, 0x0000000086400000, 0x0000000086500000|  0%| F|  |TAMS 0x0000000086400000, 0x0000000086400000| Untracked 
|  71|0x0000000086500000, 0x0000000086500000, 0x0000000086600000|  0%| F|  |TAMS 0x0000000086500000, 0x0000000086500000| Untracked 
|  72|0x0000000086600000, 0x0000000086600000, 0x0000000086700000|  0%| F|  |TAMS 0x0000000086600000, 0x0000000086600000| Untracked 
|  73|0x0000000086700000, 0x0000000086700000, 0x0000000086800000|  0%| F|  |TAMS 0x0000000086700000, 0x0000000086700000| Untracked 
|  74|0x0000000086800000, 0x0000000086800000, 0x0000000086900000|  0%| F|  |TAMS 0x0000000086800000, 0x0000000086800000| Untracked 
|  75|0x0000000086900000, 0x0000000086900000, 0x0000000086a00000|  0%| F|  |TAMS 0x0000000086900000, 0x0000000086900000| Untracked 
|  76|0x0000000086a00000, 0x0000000086a00000, 0x0000000086b00000|  0%| F|  |TAMS 0x0000000086a00000, 0x0000000086a00000| Untracked 
|  77|0x0000000086b00000, 0x0000000086b00000, 0x0000000086c00000|  0%| F|  |TAMS 0x0000000086b00000, 0x0000000086b00000| Untracked 
|  78|0x0000000086c00000, 0x0000000086c00000, 0x0000000086d00000|  0%| F|  |TAMS 0x0000000086c00000, 0x0000000086c00000| Untracked 
|  79|0x0000000086d00000, 0x0000000086d00000, 0x0000000086e00000|  0%| F|  |TAMS 0x0000000086d00000, 0x0000000086d00000| Untracked 
|  80|0x0000000086e00000, 0x0000000086e00000, 0x0000000086f00000|  0%| F|  |TAMS 0x0000000086e00000, 0x0000000086e00000| Untracked 
|  81|0x0000000086f00000, 0x0000000086f00000, 0x0000000087000000|  0%| F|  |TAMS 0x0000000086f00000, 0x0000000086f00000| Untracked 
|  82|0x0000000087000000, 0x0000000087000000, 0x0000000087100000|  0%| F|  |TAMS 0x0000000087000000, 0x0000000087000000| Untracked 
|  83|0x0000000087100000, 0x0000000087100000, 0x0000000087200000|  0%| F|  |TAMS 0x0000000087100000, 0x0000000087100000| Untracked 
|  84|0x0000000087200000, 0x0000000087200000, 0x0000000087300000|  0%| F|  |TAMS 0x0000000087200000, 0x0000000087200000| Untracked 
|  85|0x0000000087300000, 0x0000000087300000, 0x0000000087400000|  0%| F|  |TAMS 0x0000000087300000, 0x0000000087300000| Untracked 
|  86|0x0000000087400000, 0x0000000087400000, 0x0000000087500000|  0%| F|  |TAMS 0x0000000087400000, 0x0000000087400000| Untracked 
|  87|0x0000000087500000, 0x0000000087500000, 0x0000000087600000|  0%| F|  |TAMS 0x0000000087500000, 0x0000000087500000| Untracked 
|  88|0x0000000087600000, 0x0000000087600000, 0x0000000087700000|  0%| F|  |TAMS 0x0000000087600000, 0x0000000087600000| Untracked 
|  89|0x0000000087700000, 0x0000000087700000, 0x0000000087800000|  0%| F|  |TAMS 0x0000000087700000, 0x0000000087700000| Untracked 
|  90|0x0000000087800000, 0x0000000087800000, 0x0000000087900000|  0%| F|  |TAMS 0x0000000087800000, 0x0000000087800000| Untracked 
|  91|0x0000000087900000, 0x0000000087900000, 0x0000000087a00000|  0%| F|  |TAMS 0x0000000087900000, 0x0000000087900000| Untracked 
|  92|0x0000000087a00000, 0x0000000087a00000, 0x0000000087b00000|  0%| F|  |TAMS 0x0000000087a00000, 0x0000000087a00000| Untracked 
|  93|0x0000000087b00000, 0x0000000087b00000, 0x0000000087c00000|  0%| F|  |TAMS 0x0000000087b00000, 0x0000000087b00000| Untracked 
|  94|0x0000000087c00000, 0x0000000087c00000, 0x0000000087d00000|  0%| F|  |TAMS 0x0000000087c00000, 0x0000000087c00000| Untracked 
|  95|0x0000000087d00000, 0x0000000087d00000, 0x0000000087e00000|  0%| F|  |TAMS 0x0000000087d00000, 0x0000000087d00000| Untracked 
|  96|0x0000000087e00000, 0x0000000087e00000, 0x0000000087f00000|  0%| F|  |TAMS 0x0000000087e00000, 0x0000000087e00000| Untracked 
|  97|0x0000000087f00000, 0x0000000087f00000, 0x0000000088000000|  0%| F|  |TAMS 0x0000000087f00000, 0x0000000087f00000| Untracked 
|  98|0x0000000088000000, 0x0000000088000000, 0x0000000088100000|  0%| F|  |TAMS 0x0000000088000000, 0x0000000088000000| Untracked 
|  99|0x0000000088100000, 0x0000000088100000, 0x0000000088200000|  0%| F|  |TAMS 0x0000000088100000, 0x0000000088100000| Untracked 
| 100|0x0000000088200000, 0x0000000088200000, 0x0000000088300000|  0%| F|  |TAMS 0x0000000088200000, 0x0000000088200000| Untracked 
| 101|0x0000000088300000, 0x0000000088300000, 0x0000000088400000|  0%| F|  |TAMS 0x0000000088300000, 0x0000000088300000| Untracked 
| 102|0x0000000088400000, 0x0000000088400000, 0x0000000088500000|  0%| F|  |TAMS 0x0000000088400000, 0x0000000088400000| Untracked 
| 103|0x0000000088500000, 0x0000000088500000, 0x0000000088600000|  0%| F|  |TAMS 0x0000000088500000, 0x0000000088500000| Untracked 
| 104|0x0000000088600000, 0x0000000088600000, 0x0000000088700000|  0%| F|  |TAMS 0x0000000088600000, 0x0000000088600000| Untracked 
| 105|0x0000000088700000, 0x0000000088700000, 0x0000000088800000|  0%| F|  |TAMS 0x0000000088700000, 0x0000000088700000| Untracked 
| 106|0x0000000088800000, 0x0000000088800000, 0x0000000088900000|  0%| F|  |TAMS 0x0000000088800000, 0x0000000088800000| Untracked 
| 107|0x0000000088900000, 0x0000000088900000, 0x0000000088a00000|  0%| F|  |TAMS 0x0000000088900000, 0x0000000088900000| Untracked 
| 108|0x0000000088a00000, 0x0000000088a00000, 0x0000000088b00000|  0%| F|  |TAMS 0x0000000088a00000, 0x0000000088a00000| Untracked 
| 109|0x0000000088b00000, 0x0000000088b00000, 0x0000000088c00000|  0%| F|  |TAMS 0x0000000088b00000, 0x0000000088b00000| Untracked 
| 110|0x0000000088c00000, 0x0000000088c00000, 0x0000000088d00000|  0%| F|  |TAMS 0x0000000088c00000, 0x0000000088c00000| Untracked 
| 111|0x0000000088d00000, 0x0000000088d00000, 0x0000000088e00000|  0%| F|  |TAMS 0x0000000088d00000, 0x0000000088d00000| Untracked 
| 112|0x0000000088e00000, 0x0000000088e00000, 0x0000000088f00000|  0%| F|  |TAMS 0x0000000088e00000, 0x0000000088e00000| Untracked 
| 113|0x0000000088f00000, 0x0000000088f00000, 0x0000000089000000|  0%| F|  |TAMS 0x0000000088f00000, 0x0000000088f00000| Untracked 
| 114|0x0000000089000000, 0x0000000089000000, 0x0000000089100000|  0%| F|  |TAMS 0x0000000089000000, 0x0000000089000000| Untracked 
| 115|0x0000000089100000, 0x0000000089100000, 0x0000000089200000|  0%| F|  |TAMS 0x0000000089100000, 0x0000000089100000| Untracked 
| 116|0x0000000089200000, 0x0000000089200000, 0x0000000089300000|  0%| F|  |TAMS 0x0000000089200000, 0x0000000089200000| Untracked 
| 117|0x0000000089300000, 0x0000000089300000, 0x0000000089400000|  0%| F|  |TAMS 0x0000000089300000, 0x0000000089300000| Untracked 
| 118|0x0000000089400000, 0x0000000089400000, 0x0000000089500000|  0%| F|  |TAMS 0x0000000089400000, 0x0000000089400000| Untracked 
| 119|0x0000000089500000, 0x0000000089500000, 0x0000000089600000|  0%| F|  |TAMS 0x0000000089500000, 0x0000000089500000| Untracked 
| 120|0x0000000089600000, 0x0000000089600000, 0x0000000089700000|  0%| F|  |TAMS 0x0000000089600000, 0x0000000089600000| Untracked 
| 121|0x0000000089700000, 0x0000000089700000, 0x0000000089800000|  0%| F|  |TAMS 0x0000000089700000, 0x0000000089700000| Untracked 
| 122|0x0000000089800000, 0x0000000089800000, 0x0000000089900000|  0%| F|  |TAMS 0x0000000089800000, 0x0000000089800000| Untracked 
| 123|0x0000000089900000, 0x0000000089900000, 0x0000000089a00000|  0%| F|  |TAMS 0x0000000089900000, 0x0000000089900000| Untracked 
| 124|0x0000000089a00000, 0x0000000089a00000, 0x0000000089b00000|  0%| F|  |TAMS 0x0000000089a00000, 0x0000000089a00000| Untracked 
| 125|0x0000000089b00000, 0x0000000089b00000, 0x0000000089c00000|  0%| F|  |TAMS 0x0000000089b00000, 0x0000000089b00000| Untracked 
| 126|0x0000000089c00000, 0x0000000089c76638, 0x0000000089d00000| 46%| E|  |TAMS 0x0000000089c00000, 0x0000000089c00000| Complete 
| 127|0x0000000089d00000, 0x0000000089e00000, 0x0000000089e00000|100%| E|CS|TAMS 0x0000000089d00000, 0x0000000089d00000| Complete 

Card table byte_map: [0x000001bfedec0000,0x000001bfee2c0000] _byte_map_base: 0x000001bfedab1000

Marking Bits (Prev, Next): (CMBitMap*) 0x000001bfdadc4340, (CMBitMap*) 0x000001bfdadc4380
 Prev Bits: [0x000001bfee6c0000, 0x000001bff0648000)
 Next Bits: [0x000001bff0650000, 0x000001bff25d8000)

Polling page: 0x000001bfd8c40000

Metaspace:

Usage:
  Non-class:      4.41 MB capacity,     4.36 MB ( 99%) used,    46.88 KB (  1%) free+waste,   960 bytes ( <1%) overhead. 
      Class:    432.00 KB capacity,   417.16 KB ( 97%) used,    14.22 KB (  3%) free+waste,   640 bytes ( <1%) overhead. 
       Both:      4.83 MB capacity,     4.77 MB ( 99%) used,    61.09 KB (  1%) free+waste,     1.56 KB ( <1%) overhead. 

Virtual space:
  Non-class space:        8.00 MB reserved,       4.50 MB ( 56%) committed 
      Class space:        1.00 GB reserved,     512.00 KB ( <1%) committed 
             Both:        1.01 GB reserved,       5.00 MB ( <1%) committed 

Chunk freelists:
   Non-Class:  32.00 KB
       Class:  16.00 KB
        Both:  48.00 KB

MaxMetaspaceSize: 17179869184.00 GB
CompressedClassSpaceSize: 1.00 GB

CodeHeap 'non-profiled nmethods': size=120000Kb used=18Kb max_used=18Kb free=119981Kb
 bounds [0x000001bfe6260000, 0x000001bfe64d0000, 0x000001bfed790000]
CodeHeap 'profiled nmethods': size=120000Kb used=123Kb max_used=123Kb free=119876Kb
 bounds [0x000001bfded30000, 0x000001bfdefa0000, 0x000001bfe6260000]
CodeHeap 'non-nmethods': size=5760Kb used=1070Kb max_used=1074Kb free=4689Kb
 bounds [0x000001bfde790000, 0x000001bfdea00000, 0x000001bfded30000]
 total_blobs=393 nmethods=94 adapters=212
 compilation: enabled
              stopped_count=0, restarted_count=0
 full_count=0

Compilation events (20 events):
Event: 0.094 Thread 0x000001bff58d2410   85       3       java.lang.String::getBytes (44 bytes)
Event: 0.094 Thread 0x000001bff58d2410 nmethod 85 0x000001bfded4b210 code [0x000001bfded4b3e0, 0x000001bfded4b6b8]
Event: 0.094 Thread 0x000001bff58d2410   86       3       java.lang.String::indexOf (7 bytes)
Event: 0.094 Thread 0x000001bff58d2410 nmethod 86 0x000001bfded4b810 code [0x000001bfded4b9e0, 0x000001bfded4bcd8]
Event: 0.096 Thread 0x000001bff58d2410   87       3       java.util.Arrays::copyOfRange (64 bytes)
Event: 0.097 Thread 0x000001bff58d2410 nmethod 87 0x000001bfded4be10 code [0x000001bfded4c080, 0x000001bfded4c978]
Event: 0.097 Thread 0x000001bff58d2410   88       3       java.lang.AbstractStringBuilder::putStringAt (29 bytes)
Event: 0.097 Thread 0x000001bff58d2410 nmethod 88 0x000001bfded4cd10 code [0x000001bfded4cee0, 0x000001bfded4d1d8]
Event: 0.097 Thread 0x000001bff58d2410   89       3       java.lang.AbstractStringBuilder::getCoder (15 bytes)
Event: 0.097 Thread 0x000001bff58d2410 nmethod 89 0x000001bfded4d310 code [0x000001bfded4d4a0, 0x000001bfded4d5d8]
Event: 0.099 Thread 0x000001bff58d2410   90       3       java.lang.StringUTF16::length (5 bytes)
Event: 0.099 Thread 0x000001bff58d2410 nmethod 90 0x000001bfded4d690 code [0x000001bfded4d820, 0x000001bfded4d918]
Event: 0.100 Thread 0x000001bff58d2410   91       3       java.lang.String::isEmpty (14 bytes)
Event: 0.100 Thread 0x000001bff58d2410 nmethod 91 0x000001bfded4da10 code [0x000001bfded4dba0, 0x000001bfded4dcf8]
Event: 0.100 Thread 0x000001bff58d2410   92       3       java.lang.StringBuilder::append (8 bytes)
Event: 0.100 Thread 0x000001bff58d2410 nmethod 92 0x000001bfded4dd90 code [0x000001bfded4df40, 0x000001bfded4e088]
Event: 0.100 Thread 0x000001bff58d2410   93       3       java.lang.AbstractStringBuilder::append (45 bytes)
Event: 0.100 Thread 0x000001bff58d2410 nmethod 93 0x000001bfded4e110 code [0x000001bfded4e320, 0x000001bfded4e838]
Event: 0.100 Thread 0x000001bff58d2410   94       3       java.lang.CharacterDataLatin1::getProperties (11 bytes)
Event: 0.101 Thread 0x000001bff58d2410 nmethod 94 0x000001bfded4ea90 code [0x000001bfded4ec20, 0x000001bfded4ed58]

GC Heap History (0 events):
No events

Deoptimization events (0 events):
No events

Classes unloaded (0 events):
No events

Classes redefined (0 events):
No events

Internal exceptions (0 events):
No events

Events (20 events):
Event: 0.098 loading class java/util/regex/Matcher
Event: 0.098 loading class java/util/regex/MatchResult
Event: 0.098 loading class java/util/regex/MatchResult done
Event: 0.098 loading class java/util/regex/Matcher done
Event: 0.098 loading class java/util/regex/IntHashSet
Event: 0.098 loading class java/util/regex/IntHashSet done
Event: 0.098 loading class java/util/TreeMap$Entry
Event: 0.098 loading class java/util/TreeMap$Entry done
Event: 0.098 loading class java/util/TreeMap$KeySet
Event: 0.098 loading class java/util/TreeMap$KeySet done
Event: 0.098 loading class java/util/TreeMap$KeyIterator
Event: 0.098 loading class java/util/TreeMap$PrivateEntryIterator
Event: 0.098 loading class java/util/TreeMap$PrivateEntryIterator done
Event: 0.098 loading class java/util/TreeMap$KeyIterator done
Event: 0.099 loading class java/lang/NoSuchMethodException
Event: 0.099 loading class java/lang/NoSuchMethodException done
Event: 0.099 loading class java/lang/SecurityException
Event: 0.099 loading class java/lang/SecurityException done
Event: 0.100 loading class java/lang/InterruptedException
Event: 0.100 loading class java/lang/InterruptedException done


Dynamic libraries:
0x00007ff665350000 - 0x00007ff66535d000 	C:\Users\KB\.p2\pool\plugins\org.eclipse.justj.openjdk.hotspot.jre.full.win32.x86_64_15.0.1.v20201027-0507\jre\bin\javaw.exe
0x00007ff9398c0000 - 0x00007ff939ab0000 	C:\Windows\SYSTEM32\ntdll.dll
0x00007ff9396f0000 - 0x00007ff9397a2000 	C:\Windows\System32\KERNEL32.DLL
0x00007ff9376c0000 - 0x00007ff937965000 	C:\Windows\System32\KERNELBASE.dll
0x00007ff9375c0000 - 0x00007ff9376ba000 	C:\Windows\System32\ucrtbase.dll
0x00007ff921be0000 - 0x00007ff921bf8000 	C:\Users\KB\.p2\pool\plugins\org.eclipse.justj.openjdk.hotspot.jre.full.win32.x86_64_15.0.1.v20201027-0507\jre\bin\jli.dll
0x00007ff921bc0000 - 0x00007ff921bd9000 	C:\Users\KB\.p2\pool\plugins\org.eclipse.justj.openjdk.hotspot.jre.full.win32.x86_64_15.0.1.v20201027-0507\jre\bin\VCRUNTIME140.dll
0x00007ff939550000 - 0x00007ff9396e4000 	C:\Windows\System32\USER32.dll
0x00007ff936910000 - 0x00007ff936931000 	C:\Windows\System32\win32u.dll
0x00007ff937a70000 - 0x00007ff937a96000 	C:\Windows\System32\GDI32.dll
0x00007ff921640000 - 0x00007ff9218c4000 	C:\Windows\WinSxS\amd64_microsoft.windows.common-controls_6595b64144ccf1df_6.0.18362.1316_none_9e7a364fe461dbd7\COMCTL32.dll
0x00007ff9369e0000 - 0x00007ff936b78000 	C:\Windows\System32\gdi32full.dll
0x00007ff937970000 - 0x00007ff937a0e000 	C:\Windows\System32\msvcrt.dll
0x00007ff936940000 - 0x00007ff9369de000 	C:\Windows\System32\msvcp_win.dll
0x00007ff9388f0000 - 0x00007ff938c27000 	C:\Windows\System32\combase.dll
0x00007ff938e50000 - 0x00007ff938f6f000 	C:\Windows\System32\RPCRT4.dll
0x00007ff936bb0000 - 0x00007ff936c31000 	C:\Windows\System32\bcryptPrimitives.dll
0x00007ff939230000 - 0x00007ff93925e000 	C:\Windows\System32\IMM32.DLL
0x00007ff921930000 - 0x00007ff92193c000 	C:\Users\KB\.p2\pool\plugins\org.eclipse.justj.openjdk.hotspot.jre.full.win32.x86_64_15.0.1.v20201027-0507\jre\bin\vcruntime140_1.dll
0x00007ff912800000 - 0x00007ff912891000 	C:\Users\KB\.p2\pool\plugins\org.eclipse.justj.openjdk.hotspot.jre.full.win32.x86_64_15.0.1.v20201027-0507\jre\bin\msvcp140.dll
0x00007ff8f3da0000 - 0x00007ff8f48fe000 	C:\Users\KB\.p2\pool\plugins\org.eclipse.justj.openjdk.hotspot.jre.full.win32.x86_64_15.0.1.v20201027-0507\jre\bin\server\jvm.dll
0x00007ff937c30000 - 0x00007ff937cd3000 	C:\Windows\System32\ADVAPI32.dll
0x00007ff938840000 - 0x00007ff9388d7000 	C:\Windows\System32\sechost.dll
0x00007ff939540000 - 0x00007ff939548000 	C:\Windows\System32\PSAPI.DLL
0x00007ff9330b0000 - 0x00007ff9330b9000 	C:\Windows\SYSTEM32\WSOCK32.dll
0x00007ff934280000 - 0x00007ff9342a4000 	C:\Windows\SYSTEM32\WINMM.dll
0x00007ff9320b0000 - 0x00007ff9320ba000 	C:\Windows\SYSTEM32\VERSION.dll
0x00007ff938c90000 - 0x00007ff938cff000 	C:\Windows\System32\WS2_32.dll
0x00007ff934250000 - 0x00007ff93427d000 	C:\Windows\SYSTEM32\winmmbase.dll
0x00007ff936df0000 - 0x00007ff936e3a000 	C:\Windows\System32\cfgmgr32.dll
0x00007ff936820000 - 0x00007ff936831000 	C:\Windows\System32\kernel.appcore.dll
0x00007ff926080000 - 0x00007ff92608a000 	C:\Users\KB\.p2\pool\plugins\org.eclipse.justj.openjdk.hotspot.jre.full.win32.x86_64_15.0.1.v20201027-0507\jre\bin\jimage.dll
0x00007ff928c40000 - 0x00007ff928e34000 	C:\Windows\SYSTEM32\DBGHELP.DLL
0x00007ff9270c0000 - 0x00007ff9270ea000 	C:\Windows\SYSTEM32\dbgcore.DLL
0x00007ff926050000 - 0x00007ff926075000 	C:\Users\KB\.p2\pool\plugins\org.eclipse.justj.openjdk.hotspot.jre.full.win32.x86_64_15.0.1.v20201027-0507\jre\bin\java.dll
0x00007ff926030000 - 0x00007ff926048000 	C:\Users\KB\.p2\pool\plugins\org.eclipse.justj.openjdk.hotspot.jre.full.win32.x86_64_15.0.1.v20201027-0507\jre\bin\zip.dll
0x00007ff938150000 - 0x00007ff938838000 	C:\Windows\System32\SHELL32.dll
0x00007ff939330000 - 0x00007ff9393d7000 	C:\Windows\System32\shcore.dll
0x00007ff936e40000 - 0x00007ff9375bb000 	C:\Windows\System32\windows.storage.dll
0x00007ff936780000 - 0x00007ff9367a3000 	C:\Windows\System32\profapi.dll
0x00007ff9367b0000 - 0x00007ff9367fa000 	C:\Windows\System32\powrprof.dll
0x00007ff936770000 - 0x00007ff936780000 	C:\Windows\System32\UMPDC.dll
0x00007ff9391d0000 - 0x00007ff939222000 	C:\Windows\System32\shlwapi.dll
0x00007ff9368f0000 - 0x00007ff936907000 	C:\Windows\System32\cryptsp.dll
0x00007ff926010000 - 0x00007ff926029000 	C:\Users\KB\.p2\pool\plugins\org.eclipse.justj.openjdk.hotspot.jre.full.win32.x86_64_15.0.1.v20201027-0507\jre\bin\net.dll
0x00007ff92f360000 - 0x00007ff92f450000 	C:\Windows\SYSTEM32\WINHTTP.dll
0x00007ff935f50000 - 0x00007ff935fb7000 	C:\Windows\system32\mswsock.dll
0x00007ff925ff0000 - 0x00007ff926002000 	C:\Users\KB\.p2\pool\plugins\org.eclipse.justj.openjdk.hotspot.jre.full.win32.x86_64_15.0.1.v20201027-0507\jre\bin\nio.dll
0x00007ff925fe0000 - 0x00007ff925ff0000 	C:\Users\KB\.p2\pool\plugins\org.eclipse.justj.openjdk.hotspot.jre.full.win32.x86_64_15.0.1.v20201027-0507\jre\bin\verify.dll
0x000000006ec40000 - 0x000000006ec65000 	C:\Users\KB\.jssc\windows\jSSC-2.7_x86_64.dll

dbghelp: loaded successfully - version: 4.0.5 - missing functions: none
symbol engine: initialized successfully - sym options: 0x614 - pdb path: .;C:\Users\KB\.p2\pool\plugins\org.eclipse.justj.openjdk.hotspot.jre.full.win32.x86_64_15.0.1.v20201027-0507\jre\bin;C:\Windows\SYSTEM32;C:\Windows\WinSxS\amd64_microsoft.windows.common-controls_6595b64144ccf1df_6.0.18362.1316_none_9e7a364fe461dbd7;C:\Users\KB\.p2\pool\plugins\org.eclipse.justj.openjdk.hotspot.jre.full.win32.x86_64_15.0.1.v20201027-0507\jre\bin\server;C:\Users\KB\.jssc\windows

VM Arguments:
jvm_args: -Dfile.encoding=UTF-8 -XX:+ShowCodeDetailsInExceptionMessages 
java_command: serial_20210210.MySerial
java_class_path (initial): C:\Users\KB\Desktop\SW_Lesson\java\Java_Work\serial_20210210\bin;C:\Users\KB\Desktop\SW_Lesson\java\Java_Work\serial_20210210\lib\jssc.jar
Launcher Type: SUN_STANDARD

[Global flags]
     intx CICompilerCount                          = 4                                         {product} {ergonomic}
     uint ConcGCThreads                            = 2                                         {product} {ergonomic}
     uint G1ConcRefinementThreads                  = 8                                         {product} {ergonomic}
   size_t G1HeapRegionSize                         = 1048576                                   {product} {ergonomic}
    uintx GCDrainStackTargetSize                   = 64                                        {product} {ergonomic}
   size_t InitialHeapSize                          = 134217728                                 {product} {ergonomic}
   size_t MarkStackSize                            = 4194304                                   {product} {ergonomic}
   size_t MaxHeapSize                              = 2116026368                                {product} {ergonomic}
   size_t MaxNewSize                               = 1268776960                                {product} {ergonomic}
   size_t MinHeapDeltaBytes                        = 1048576                                   {product} {ergonomic}
   size_t MinHeapSize                              = 8388608                                   {product} {ergonomic}
    uintx NonNMethodCodeHeapSize                   = 5839372                                {pd product} {ergonomic}
    uintx NonProfiledCodeHeapSize                  = 122909434                              {pd product} {ergonomic}
    uintx ProfiledCodeHeapSize                     = 122909434                              {pd product} {ergonomic}
    uintx ReservedCodeCacheSize                    = 251658240                              {pd product} {ergonomic}
     bool SegmentedCodeCache                       = true                                      {product} {ergonomic}
     bool ShowCodeDetailsInExceptionMessages       = true                                   {manageable} {command line}
   size_t SoftMaxHeapSize                          = 2116026368                             {manageable} {ergonomic}
     bool UseCompressedClassPointers               = true                                 {lp64_product} {ergonomic}
     bool UseCompressedOops                        = true                                 {lp64_product} {ergonomic}
     bool UseG1GC                                  = true                                      {product} {ergonomic}
     bool UseLargePagesIndividualAllocation        = false                                  {pd product} {ergonomic}

Logging:
Log output configuration:
 #0: stdout all=warning uptime,level,tags
 #1: stderr all=off uptime,level,tags

Environment Variables:
PATH=C:/Users/KB/.p2/pool/plugins/org.eclipse.justj.openjdk.hotspot.jre.full.win32.x86_64_15.0.1.v20201027-0507/jre/bin/server;C:/Users/KB/.p2/pool/plugins/org.eclipse.justj.openjdk.hotspot.jre.full.win32.x86_64_15.0.1.v20201027-0507/jre/bin;C:\Program Files (x86)\Common Files\Oracle\Java\javapath;C:\Windows\system32;C:\Windows;C:\Windows\System32\Wbem;C:\Windows\System32\WindowsPowerShell\v1.0\;C:\Windows\System32\OpenSSH\;c:\Program Files (x86)\Microsoft SQL Server\100\Tools\Binn\;c:\Program Files\Microsoft SQL Server\100\Tools\Binn\;c:\Program Files\Microsoft SQL Server\100\DTS\Binn\;C:\Program Files\dotnet\;C:\Program Files\Git\cmd;C:\Program Files\Microsoft SQL Server\130\Tools\Binn\;C:\Program Files\Microsoft SQL Server\Client SDK\ODBC\170\Tools\Binn\;C:\Program Files\MySQL\MySQL Shell 8.0\bin\;C:\Users\KB\AppData\Local\Microsoft\WindowsApps;C:\Program Files\Bandizip\7z;C:\Users\KB\AppData\Local\Programs\Microsoft VS Code\bin;C:\Users\KB\.dotnet\tools;C:\Users\KB\AppData\Local\GitHubDesktop\bin;C:\Windows\System32;
USERNAME=KB
OS=Windows_NT
PROCESSOR_IDENTIFIER=Intel64 Family 6 Model 158 Stepping 13, GenuineIntel



---------------  S Y S T E M  ---------------

OS:
 Windows 10 , 64 bit Build 18362 (10.0.18362.1316)
OS uptime: 12 days 21:46 hours

CPU: total 8 (initial active 8) (8 cores per cpu, 1 threads per core) family 6 model 158 stepping 13 microcode 0xb0, cmov, cx8, fxsr, mmx, sse, sse2, sse3, ssse3, sse4.1, sse4.2, popcnt, vzeroupper, avx, avx2, aes, clmul, erms, rtm, 3dnowpref, lzcnt, tsc, tscinvbit, bmi1, bmi2, adx, fma, clflush, clflushopt

Memory: 4k page, system-wide physical 8065M (3642M free)
TotalPageFile size 9711M (AvailPageFile size 3050M)
current process WorkingSet (physical memory assigned to process): 31M, peak: 31M
current process commit charge ("private bytes"): 204M, peak: 204M

vm_info: OpenJDK 64-Bit Server VM (15.0.1+9-18) for windows-amd64 JRE (15.0.1+9-18), built on Sep 15 2020 14:39:31 by "mach5one" with unknown MS VC++:1925

END.
